This is pdfTeX, Version 3.141592653-2.6-1.40.26 (TeX Live 2024) (preloaded format=pdflatex 2024.9.17)  23 OCT 2024 00:39
entering extended mode
 restricted \write18 enabled.
 file:line:error style messages enabled.
 %&-line parsing enabled.
**"c:/Users/arman/Documents/Thesis Report/ISEL-Thesis-Last-Version/template.tex"
(c:/Users/arman/Documents/Thesis Report/ISEL-Thesis-Last-Version/template.tex
LaTeX2e <2024-06-01> patch level 2
L3 programming layer <2024-08-30>
(./iselthesis.cls
Document Class: iselthesis 2024-05-30 iselthesis template
(./Config/_memoir.tex
NT FILE Config/_memoir.tex
) (c:/texlive/2024/texmf-dist/tex/latex/memoir/memoir.cls
Document Class: memoir 2024/01/26 v3.8.2 configurable book, report, article document class
(c:/texlive/2024/texmf-dist/tex/latex/xpatch/xpatch.sty (c:/texlive/2024/texmf-dist/tex/latex/l3kernel/expl3.sty
Package: expl3 2024-08-30 L3 programming layer (loader) 
 (c:/texlive/2024/texmf-dist/tex/latex/l3backend/l3backend-pdftex.def
File: l3backend-pdftex.def 2024-05-08 L3 backend support: PDF output (pdfTeX)
\l__color_backend_stack_int=\count194
\l__pdf_internal_box=\box52
))
Package: xpatch 2020/03/25 v0.3a Extending etoolbox patching commands
 (c:/texlive/2024/texmf-dist/tex/latex/l3packages/xparse/xparse.sty
Package: xparse 2024-08-16 L3 Experimental document command parser
) (c:/texlive/2024/texmf-dist/tex/latex/etoolbox/etoolbox.sty
Package: etoolbox 2020/10/05 v2.5k e-TeX tools for LaTeX (JAW)
\etb@tempcnta=\count195
))
\onelineskip=\skip49
\lxvchars=\skip50
\xlvchars=\skip51
\@memcnta=\count196
\c@@memmarkcntra=\count197
 (c:/texlive/2024/texmf-dist/tex/generic/iftex/iftex.sty
Package: iftex 2022/02/03 v1.0f TeX engine tests
)
\trimtop=\skip52
\trimedge=\skip53
 (c:/texlive/2024/texmf-dist/tex/latex/memoir/mem11.clo
File: mem11.clo 2022/07/29 v0.5 memoir class 11pt size option
)
\binding=\skip54
\spinemargin=\skip55
\foremargin=\skip56
\uppermargin=\skip57
\lowermargin=\skip58
\headdrop=\skip59
\normalrulethickness=\skip60
\mem@maxheadheight=\skip61
\mem@maxfootheight=\skip62
\headwidth=\skip63
\c@storedpagenumber=\count198
\memPD=\dimen141
\m@mabparskip=\skip64
\thanksmarkwidth=\skip65
\thanksmarksep=\skip66
\droptitle=\skip67
\c@book=\count199
\c@part=\count266
\c@chapter=\count267
\c@section=\count268
\c@subsection=\count269
\c@subsubsection=\count270
\c@paragraph=\count271
\c@subparagraph=\count272
\beforechapskip=\skip68
\midchapskip=\skip69
\afterchapskip=\skip70
\chapindent=\skip71
\bottomsectionskip=\skip72
\secindent=\skip73
\beforesecskip=\skip74
\aftersecskip=\skip75
\subsecindent=\skip76
\beforesubsecskip=\skip77
\aftersubsecskip=\skip78
\subsubsecindent=\skip79
\beforesubsubsecskip=\skip80
\aftersubsubsecskip=\skip81
\paraindent=\skip82
\beforeparaskip=\skip83
\afterparaskip=\skip84
\subparaindent=\skip85
\beforesubparaskip=\skip86
\aftersubparaskip=\skip87
\pfbreakskip=\skip88
\c@@ppsavesec=\count273
\c@@ppsaveapp=\count274
\ragrparindent=\dimen142
\everylistparindent=\dimen143
\parsepi=\skip89
\topsepi=\skip90
\itemsepi=\skip91
\parsepii=\skip92
\topsepii=\skip93
\topsepiii=\skip94
\itemsepii=\skip95
\itemsepiii=\skip96
\partopsepii=\skip97
\partopsepiii=\skip98
\m@msavetopsep=\skip99
\m@msavepartopsep=\skip100
\@enLab=\toks17
\abstitleskip=\skip101
\absleftindent=\skip102
\abs@leftindent=\dimen144
\absrightindent=\skip103
\absparindent=\skip104
\absparsep=\skip105
\c@vslineno=\count275
\c@poemline=\count276
\c@modulo@vs=\count277
\c@memfvsline=\count278
\vleftskip=\skip106
\vrightskip=\skip107
\stanzaskip=\skip108
\versewidth=\skip109
\vgap=\skip110
\vindent=\skip111
\vleftmargin=\dimen145
\c@verse=\count279
\c@chrsinstr=\count280
\beforepoemtitleskip=\skip112
\afterpoemtitleskip=\skip113
\c@poem=\count281
\beforePoemTitleskip=\skip114
\midPoemTitleskip=\skip115
\afterPoemTitleskip=\skip116
 (c:/texlive/2024/texmf-dist/tex/latex/tools/array.sty
Package: array 2024/06/14 v2.6d Tabular extension package (FMi)
\col@sep=\dimen146
\ar@mcellbox=\box53
\extrarowheight=\dimen147
\NC@list=\toks18
\extratabsurround=\skip117
\backup@length=\skip118
\ar@cellbox=\box54
) (c:/texlive/2024/texmf-dist/tex/latex/tools/dcolumn.sty
Package: dcolumn 2023/07/08 v1.06 decimal alignment package (DPC)
) (c:/texlive/2024/texmf-dist/tex/latex/tools/delarray.sty
Package: delarray 2014/10/28 v1.01 array delimiter package (DPC)
) (c:/texlive/2024/texmf-dist/tex/latex/tools/tabularx.sty
Package: tabularx 2023/12/11 v2.12a `tabularx' package (DPC)
\TX@col@width=\dimen148
\TX@old@table=\dimen149
\TX@old@col=\dimen150
\TX@target=\dimen151
\TX@delta=\dimen152
\TX@cols=\count282
\TX@ftn=\toks19
) (c:/texlive/2024/texmf-dist/tex/latex/booktabs/booktabs.sty
Package: booktabs 2020/01/12 v1.61803398 Publication quality tables
\heavyrulewidth=\dimen153
\lightrulewidth=\dimen154
\cmidrulewidth=\dimen155
\belowrulesep=\dimen156
\belowbottomsep=\dimen157
\aboverulesep=\dimen158
\abovetopsep=\dimen159
\cmidrulesep=\dimen160
\cmidrulekern=\dimen161
\defaultaddspace=\dimen162
\@cmidla=\count283
\@cmidlb=\count284
\@aboverulesep=\dimen163
\@belowrulesep=\dimen164
\@thisruleclass=\count285
\@lastruleclass=\count286
\@thisrulewidth=\dimen165
)
\ctableftskip=\skip119
\ctabrightskip=\skip120
\abovecolumnspenalty=\count287
\@linestogo=\count288
\@cellstogo=\count289
\@cellsincolumn=\count290
\crtok=\toks20
\@mincolumnwidth=\dimen166
\c@newflo@tctr=\count291
\mem@margin@floatbox=\box55
\@contcwidth=\skip121
\@contindw=\skip122
\abovecaptionskip=\skip123
\belowcaptionskip=\skip124
\subfloattopskip=\skip125
\subfloatcapskip=\skip126
\subfloatcaptopadj=\skip127
\subfloatbottomskip=\skip128
\subfloatlabelskip=\skip129
\subfloatcapmargin=\dimen167
\c@@contsubnum=\count292
\m@mscap@capbox=\box56
\m@mscap@fbox=\box57
\sidecapsep=\dimen168
\sidecapwidth=\dimen169
\m@m@tempdima=\dimen170
\m@mscapraise=\dimen171
\sidecapraise=\dimen172
\m@mscapmainwidth=\dimen173
\m@mscaplkern=\dimen174
\beforeepigraphskip=\skip130
\afterepigraphskip=\skip131
\epigraphwidth=\skip132
\epigraphrule=\skip133
LaTeX Info: Redefining \em on input line 6932.
LaTeX Info: Redefining \emph on input line 6940.
 (c:/texlive/2024/texmf-dist/tex/latex/hyperref/nameref.sty
Package: nameref 2023-11-26 v2.56 Cross-referencing by name of section
 (c:/texlive/2024/texmf-dist/tex/latex/refcount/refcount.sty
Package: refcount 2019/12/15 v3.6 Data extraction from label references (HO)
 (c:/texlive/2024/texmf-dist/tex/generic/ltxcmds/ltxcmds.sty
Package: ltxcmds 2023-12-04 v1.26 LaTeX kernel commands for general use (HO)
) (c:/texlive/2024/texmf-dist/tex/generic/infwarerr/infwarerr.sty
Package: infwarerr 2019/12/03 v1.5 Providing info/warning/error messages (HO)
)) (c:/texlive/2024/texmf-dist/tex/generic/gettitlestring/gettitlestring.sty
Package: gettitlestring 2019/12/15 v1.6 Cleanup title references (HO)
 (c:/texlive/2024/texmf-dist/tex/latex/kvoptions/kvoptions.sty
Package: kvoptions 2022-06-15 v3.15 Key value format for package options (HO)
 (c:/texlive/2024/texmf-dist/tex/latex/graphics/keyval.sty
Package: keyval 2022/05/29 v1.15 key=value parser (DPC)
\KV@toks@=\toks21
) (c:/texlive/2024/texmf-dist/tex/latex/kvsetkeys/kvsetkeys.sty
Package: kvsetkeys 2022-10-05 v1.19 Key value parser (HO)
)))
\c@section@level=\count293
)
\tocentryskip=\skip134
\tocbaseline=\skip135
\cftparskip=\skip136
\cftbeforebookskip=\skip137
\cftbookindent=\dimen175
\cftbooknumwidth=\dimen176
\cftbeforepartskip=\skip138
\cftpartindent=\skip139
\cftpartnumwidth=\skip140
\cftbeforechapterskip=\skip141
\cftchapterindent=\skip142
\cftchapternumwidth=\skip143
\cftbeforesectionskip=\skip144
\cftsectionindent=\skip145
\cftsectionnumwidth=\skip146
\cftbeforesubsectionskip=\skip147
\cftsubsectionindent=\skip148
\cftsubsectionnumwidth=\skip149
\cftbeforesubsubsectionskip=\skip150
\cftsubsubsectionindent=\skip151
\cftsubsubsectionnumwidth=\skip152
\cftbeforeparagraphskip=\skip153
\cftparagraphindent=\skip154
\cftparagraphnumwidth=\skip155
\cftbeforesubparagraphskip=\skip156
\cftsubparagraphindent=\skip157
\cftsubparagraphnumwidth=\skip158
\prechapterprecisshift=\dimen177
\c@maxsecnumdepth=\count294
\bibindent=\dimen178
\bibitemsep=\skip159
\indexcolsep=\skip160
\indexrule=\skip161
\indexmarkstyle=\toks22
\@indexbox=\insert252
LaTeX Info: Redefining \raggedbottom on input line 7935.
LaTeX Info: Redefining \flushbottom on input line 7939.
\glossarycolsep=\dimen179
\glossaryrule=\dimen180
\sideparvshift=\skip162
\sideins=\insert251
\sidebartopsep=\skip163
\sidebarhsep=\skip164
\sidebarvsep=\skip165
\sidebarwidth=\skip166
\footmarkwidth=\skip167
\footmarksep=\skip168
\footparindent=\skip169
\footinsdim=\skip170
\footinsv@r=\insert250
\@mpfootinsv@r=\insert249
\m@m@k=\count295
\m@m@h=\dimen181
\m@mipn@skip=\skip171
\sidefootins=\insert248
\sidefootadjust=\skip172
\sidefootheight=\skip173
\sidefoothsep=\skip174
\sidefootvsep=\skip175
\sidefootwidth=\skip176
\m@mdownsf=\skip177
\c@sidefootnote=\count296
\sidefootmarkwidth=\skip178
\sidefootmarksep=\skip179
\sidefootparindent=\skip180
\c@pagenote=\count297
\c@pagenoteshadow=\count298
\mem@pn@lastkern=\skip181
 (c:/texlive/2024/texmf-dist/tex/latex/tools/verbatim.sty
Package: verbatim 2024-01-22 v1.5x LaTeX2e package for verbatim enhancements
\every@verbatim=\toks23
\verbatim@line=\toks24
\verbatim@in@stream=\read2
)
\verbatimindent=\skip182
\verbatim@out=\write3
 (c:/texlive/2024/texmf-dist/tex/latex/base/shortvrb.sty
Package: shortvrb 2024/04/26 v3.0p Standard LaTeX documentation package V3 (FMi)
)
\bvboxsep=\skip183
\c@memfbvline=\count299
\c@bvlinectr=\count300
\bvnumlength=\skip184
\fb@frw=\dimen182
\fb@frh=\dimen183
\FrameRule=\dimen184
\FrameSep=\dimen185
\c@cp@cntr=\count301
\c@ism@mctr=\count302
\c@xsm@mctr=\count303
\c@csm@mctr=\count304
\c@ksm@mctr=\count305
\c@xksm@mctr=\count306
\c@cksm@mctr=\count307
\c@msm@mctr=\count308
\c@xmsm@mctr=\count309
\c@cmsm@mctr=\count310
\c@bsm@mctr=\count311
\c@workm@mctr=\count312
\c@sheetsequence=\count313
\c@lastsheet=\count314
\c@lastpage=\count315
 (c:/texlive/2024/texmf-dist/tex/latex/textcase/textcase.sty
Package: textcase 2023/07/27 v1.04 Text only upper/lower case changing (DPC)
Package textcase Info: Defining Legacy names on input line 20.
)
\c@figure=\count316
\c@lofdepth=\count317
\cftbeforefigureskip=\skip185
\cftfigureindent=\skip186
\cftfigurenumwidth=\skip187
\c@table=\count318
\c@lotdepth=\count319
\cftbeforetableskip=\skip188
\cfttableindent=\skip189
\cfttablenumwidth=\skip190
Package abstract [2008/07/23] emulated by memoir.
Package appendix [2008/07/23] emulated by memoir.
Package ccaption [2008/07/23] emulated by memoir.
Package changepage [2008/07/23] emulated by memoir.
Package chngcntr [2008/07/23] emulated by memoir.
Package chngpage [2008/07/23] emulated by memoir.
Package crop emulated by memoir.
Package enumerate [2008/07/23] emulated by memoir.
Package epigraph [2008/07/23] emulated by memoir.
Package ifmtarg [2008/07/23] emulated by memoir.
Package index [2008/07/23] emulated by memoir.
Package makeidx [2008/07/23] emulated by memoir.
Package moreverb [2008/07/23] emulated by memoir.
Package needspace [2008/07/23] emulated by memoir.
Package newfile [2008/07/23] emulated by memoir.
Package nextpage [2008/07/23] emulated by memoir.
Package pagenote [2008/07/23] emulated by memoir.
Package parskip [2008/07/23] emulated by memoir.
Package patchcmd [2008/07/23] emulated by memoir.
Package setspace [2008/07/23] emulated by memoir.
Package shortvrb [2008/07/23] emulated by memoir.
Package showidx [2008/07/23] emulated by memoir.
Package titleref [2008/07/23] emulated by memoir.
Package titling [2008/07/23] emulated by memoir.
Package tocbibind [2008/07/23] emulated by memoir.
Package tocloft [2008/07/23] emulated by memoir.
Package tocvsec2 [2008/07/23] emulated by memoir.
Package verbatim [2008/07/23] emulated by memoir.
Package verse [2008/07/23] emulated by memoir.
) (./ISELthesis-files/lang-conf.clo) (c:/texlive/2024/texmf-dist/tex/latex/xcolor/xcolor.sty
Package: xcolor 2023/11/15 v3.01 LaTeX color extensions (UK)
 (c:/texlive/2024/texmf-dist/tex/latex/graphics-cfg/color.cfg
File: color.cfg 2016/01/02 v1.6 sample color configuration
)
Package xcolor Info: Driver file: pdftex.def on input line 274.
 (c:/texlive/2024/texmf-dist/tex/latex/graphics-def/pdftex.def
File: pdftex.def 2024/04/13 v1.2c Graphics/color driver for pdftex
) (c:/texlive/2024/texmf-dist/tex/latex/graphics/mathcolor.ltx)
Package xcolor Info: Model `cmy' substituted by `cmy0' on input line 1350.
Package xcolor Info: Model `hsb' substituted by `rgb' on input line 1354.
Package xcolor Info: Model `RGB' extended on input line 1366.
Package xcolor Info: Model `HTML' substituted by `rgb' on input line 1368.
Package xcolor Info: Model `Hsb' substituted by `hsb' on input line 1369.
Package xcolor Info: Model `tHsb' substituted by `hsb' on input line 1370.
Package xcolor Info: Model `HSB' substituted by `hsb' on input line 1371.
Package xcolor Info: Model `Gray' substituted by `gray' on input line 1372.
Package xcolor Info: Model `wave' substituted by `hsb' on input line 1373.
) (c:/texlive/2024/texmf-dist/tex/latex/colortbl/colortbl.sty
Package: colortbl 2024/07/06 v1.0i Color table columns (DPC)
\everycr=\toks25
\minrowclearance=\skip191
\rownum=\count320
) (c:/texlive/2024/texmf-dist/tex/latex/xcolor/svgnam.def
File: svgnam.def 2023/11/15 v3.01 Predefined colors according to SVG 1.1 (UK)
) (./ISELthesis-files/user-sty/memory2.sty

LaTeX Warning: You have requested package `ISELthesis-files/user-sty/memory2',
               but the package provides `ISELthesis-file/memory2'.

Package: ISELthesis-file/memory2 2013/05/13 v1.2 containers for data of object and array in LaTeX
) (./ISELthesis-files/options.clo (c:/texlive/2024/texmf-dist/tex/latex/xkeyval/xkeyval.sty
Package: xkeyval 2022/06/16 v2.9 package option processing (HA)
 (c:/texlive/2024/texmf-dist/tex/generic/xkeyval/xkeyval.tex (c:/texlive/2024/texmf-dist/tex/generic/xkeyval/xkvutils.tex
\XKV@toks=\toks26
\XKV@tempa@toks=\toks27
)
\XKV@depth=\count321
File: xkeyval.tex 2014/12/03 v2.7a key=value parser (HA)
)) (c:/texlive/2024/texmf-dist/tex/latex/xifthen/xifthen.sty
Package: xifthen 2015/11/05 v1.4.0 Extended ifthen features
 (c:/texlive/2024/texmf-dist/tex/latex/tools/calc.sty
Package: calc 2023/07/08 v4.3 Infix arithmetic (KKT,FJ)
\calc@Acount=\count322
\calc@Bcount=\count323
\calc@Adimen=\dimen186
\calc@Bdimen=\dimen187
\calc@Askip=\skip192
\calc@Bskip=\skip193
LaTeX Info: Redefining \setlength on input line 80.
LaTeX Info: Redefining \addtolength on input line 81.
\calc@Ccount=\count324
\calc@Cskip=\skip194
) (c:/texlive/2024/texmf-dist/tex/latex/base/ifthen.sty
Package: ifthen 2024/03/16 v1.1e Standard LaTeX ifthen package (DPC)
))
'docdegree'=msc
'doctype'=dissertation
'lang'=en
'babellang'=english
'babellang'=portuguese
'coverlang'=pt
'fontstyle'=arial
'chapstyle'=vz43
'enc'=utf8
'otherlistsat'=front
'aftercover'=false
'linkscolor'=darkgray
'printcommittee'=true
'spine'=false
'biblatex'=style=numeric, maxalphanames=2, defernumbers=true,maxbibnames=20,maxcitenames=2,mincitenames=1,firstinits=true,uniquename=init,sortcites=true, backref=true,
'memoir'=a4paper, 11pt, draft
'media'=screen
'docdegree'=msc
'doctype'=dissertation
'lang'=en
'babellang'=english
'babellang'=portuguese
'coverlang'=pt
'fontstyle'=kpfonts
'chapstyle'=vz43
'otherlistsat'=front
'linkscolor'=darkblue
'printcommittee'=false
'biblatex'=backend=bibtex, style=numeric-comp, sortcites=true, sorting=nyt, backref=true, maxbibnames=99, firstinits=true, hyperref=true
'memoir'=a4paper, 11pt, final,
'media'=screen
) (./ISELthesis-files/packages.clo (c:/texlive/2024/texmf-dist/tex/latex/base/fontenc.sty
Package: fontenc 2021/04/29 v2.0v Standard LaTeX package
) (c:/texlive/2024/texmf-dist/tex/latex/base/inputenc.sty
Package: inputenc 2024/02/08 v1.3d Input encoding file
\inpenc@prehook=\toks28
\inpenc@posthook=\toks29
) (c:/texlive/2024/texmf-dist/tex/latex/csquotes/csquotes.sty
Package: csquotes 2024-04-04 v5.2o context-sensitive quotations (JAW)
\csq@reset=\count325
\csq@gtype=\count326
\csq@glevel=\count327
\csq@qlevel=\count328
\csq@maxlvl=\count329
\csq@tshold=\count330
\csq@ltx@everypar=\toks30
 (c:/texlive/2024/texmf-dist/tex/latex/csquotes/csquotes.def
File: csquotes.def 2024-04-04 v5.2o csquotes generic definitions (JAW)
)
Package csquotes Info: Trying to load configuration file 'csquotes.cfg'...
Package csquotes Info: ... configuration file loaded successfully.
 (c:/texlive/2024/texmf-dist/tex/latex/csquotes/csquotes.cfg
File: csquotes.cfg 
)) (c:/texlive/2024/texmf-dist/tex/generic/babel/babel.sty
Package: babel 2024/08/29 v24.9 The Babel package
\babel@savecnt=\count331
\U@D=\dimen188
\l@unhyphenated=\language89
 (c:/texlive/2024/texmf-dist/tex/generic/babel/txtbabel.def)
\bbl@readstream=\read3
\bbl@dirlevel=\count332
 (c:/texlive/2024/texmf-dist/tex/generic/babel-english/english.ldf
Language: english 2017/06/06 v3.3r English support from the babel system
Package babel Info: Hyphen rules for 'canadian' set to \l@english
(babel)             (\language0). Reported on input line 102.
Package babel Info: Hyphen rules for 'australian' set to \l@ukenglish
(babel)             (\language23). Reported on input line 105.
Package babel Info: Hyphen rules for 'newzealand' set to \l@ukenglish
(babel)             (\language23). Reported on input line 108.
) (c:/texlive/2024/texmf-dist/tex/generic/babel-portuges/portuguese.ldf
Language: portuges 2021/07/09 v1.2t Portuguese support from the babel system
Package babel Info: Making " an active character on input line 143.
) (c:/texlive/2024/texmf-dist/tex/generic/babel-english/english.ldf
Language: english 2017/06/06 v3.3r English support from the babel system
) (c:/texlive/2024/texmf-dist/tex/generic/babel-portuges/portuguese.ldf
Language: portuges 2021/07/09 v1.2t Portuguese support from the babel system
) (c:/texlive/2024/texmf-dist/tex/generic/babel-english/english.ldf
Language: english 2017/06/06 v3.3r English support from the babel system
)) (c:/texlive/2024/texmf-dist/tex/generic/babel/locale/en/babel-english.tex
Package babel Info: Importing font and identification data for english
(babel)             from babel-en.ini. Reported on input line 11.
) (c:/texlive/2024/texmf-dist/tex/generic/babel/locale/pt/babel-portuguese.tex
Package babel Info: Importing font and identification data for portuguese
(babel)             from babel-pt.ini. Reported on input line 11.
) (c:/texlive/2024/texmf-dist/tex/latex/translator/translator.sty
Package: translator 2021-05-31 v1.12d Easy translation of strings in LaTeX
) (c:/texlive/2024/texmf-dist/tex/latex/microtype/microtype.sty
Package: microtype 2024/03/29 v3.1b Micro-typographical refinements (RS)
\MT@toks=\toks31
\MT@tempbox=\box58
\MT@count=\count333
LaTeX Info: Redefining \noprotrusionifhmode on input line 1061.
LaTeX Info: Redefining \leftprotrusion on input line 1062.
\MT@prot@toks=\toks32
LaTeX Info: Redefining \rightprotrusion on input line 1081.
LaTeX Info: Redefining \textls on input line 1392.
\MT@outer@kern=\dimen189
LaTeX Info: Redefining \textmicrotypecontext on input line 2013.
\MT@listname@count=\count334
 (c:/texlive/2024/texmf-dist/tex/latex/microtype/microtype-pdftex.def
File: microtype-pdftex.def 2024/03/29 v3.1b Definitions specific to pdftex (RS)
LaTeX Info: Redefining \lsstyle on input line 902.
LaTeX Info: Redefining \lslig on input line 902.
\MT@outer@space=\skip195
)
Package microtype Info: Loading configuration file microtype.cfg.
 (c:/texlive/2024/texmf-dist/tex/latex/microtype/microtype.cfg
File: microtype.cfg 2024/03/29 v3.1b microtype main configuration file (RS)
)) (c:/texlive/2024/texmf-dist/tex/latex/pgf/utilities/pgfcalendar.sty (c:/texlive/2024/texmf-dist/tex/latex/pgf/utilities/pgfrcs.sty (c:/texlive/2024/texmf-dist/tex/generic/pgf/utilities/pgfutil-common.tex
\pgfutil@everybye=\toks33
\pgfutil@tempdima=\dimen190
\pgfutil@tempdimb=\dimen191
) (c:/texlive/2024/texmf-dist/tex/generic/pgf/utilities/pgfutil-latex.def
\pgfutil@abb=\box59
) (c:/texlive/2024/texmf-dist/tex/generic/pgf/utilities/pgfrcs.code.tex (c:/texlive/2024/texmf-dist/tex/generic/pgf/pgf.revision.tex)
Package: pgfrcs 2023-01-15 v3.1.10 (3.1.10)
)) (c:/texlive/2024/texmf-dist/tex/latex/pgf/utilities/pgfkeys.sty (c:/texlive/2024/texmf-dist/tex/generic/pgf/utilities/pgfkeys.code.tex
\pgfkeys@pathtoks=\toks34
\pgfkeys@temptoks=\toks35
 (c:/texlive/2024/texmf-dist/tex/generic/pgf/utilities/pgfkeyslibraryfiltered.code.tex
\pgfkeys@tmptoks=\toks36
))) (c:/texlive/2024/texmf-dist/tex/generic/pgf/utilities/pgfcalendar.code.tex
File: pgfcalendar.code.tex 2023-01-15 v3.1.10 (3.1.10)
 (c:/texlive/2024/texmf-dist/tex/generic/pgf/math/pgfint.code.tex)
\pgfcalendarcurrentjulian=\count335
\pgf@cal@easter@Y=\count336
\pgf@cal@easter@G=\count337
\pgf@cal@easter@C=\count338
\pgf@cal@easter@X=\count339
\pgf@cal@easter@Z=\count340
\pgf@cal@easter@D=\count341
\pgf@cal@easter@E=\count342
\pgf@cal@easter@N=\count343
\pgf@cal@easter@M=\count344
\pgf@cal@easter@julianday=\count345
)) (c:/texlive/2024/texmf-dist/tex/generic/xstring/xstring.sty (c:/texlive/2024/texmf-dist/tex/generic/xstring/xstring.tex
\xs_counta=\count346
\xs_countb=\count347
)
Package: xstring 2023/08/22 v1.86 String manipulations (CT)
) (c:/texlive/2024/texmf-dist/tex/latex/paralist/paralist.sty
Package: paralist 2017/01/22 v2.7 Extended list environments
\pltopsep=\skip196
\plpartopsep=\skip197
\plitemsep=\skip198
\plparsep=\skip199
\pl@lab=\toks37
) (c:/texlive/2024/texmf-dist/tex/latex/todonotes/todonotes.sty
Package: todonotes 2024/01/05 v1.1.7 Todonotes source and documentation.
Package: todonotes 2024/01/05
 (c:/texlive/2024/texmf-dist/tex/latex/pgf/frontendlayer/tikz.sty (c:/texlive/2024/texmf-dist/tex/latex/pgf/basiclayer/pgf.sty
Package: pgf 2023-01-15 v3.1.10 (3.1.10)
 (c:/texlive/2024/texmf-dist/tex/latex/pgf/basiclayer/pgfcore.sty (c:/texlive/2024/texmf-dist/tex/latex/graphics/graphicx.sty
Package: graphicx 2021/09/16 v1.2d Enhanced LaTeX Graphics (DPC,SPQR)
 (c:/texlive/2024/texmf-dist/tex/latex/graphics/graphics.sty
Package: graphics 2024/05/23 v1.4g Standard LaTeX Graphics (DPC,SPQR)
 (c:/texlive/2024/texmf-dist/tex/latex/graphics/trig.sty
Package: trig 2023/12/02 v1.11 sin cos tan (DPC)
) (c:/texlive/2024/texmf-dist/tex/latex/graphics-cfg/graphics.cfg
File: graphics.cfg 2016/06/04 v1.11 sample graphics configuration
)
Package graphics Info: Driver file: pdftex.def on input line 106.
)
\Gin@req@height=\dimen192
\Gin@req@width=\dimen193
) (c:/texlive/2024/texmf-dist/tex/latex/pgf/systemlayer/pgfsys.sty (c:/texlive/2024/texmf-dist/tex/generic/pgf/systemlayer/pgfsys.code.tex
Package: pgfsys 2023-01-15 v3.1.10 (3.1.10)
\pgf@x=\dimen194
\pgf@y=\dimen195
\pgf@xa=\dimen196
\pgf@ya=\dimen197
\pgf@xb=\dimen198
\pgf@yb=\dimen199
\pgf@xc=\dimen256
\pgf@yc=\dimen257
\pgf@xd=\dimen258
\pgf@yd=\dimen259
\w@pgf@writea=\write4
\r@pgf@reada=\read4
\c@pgf@counta=\count348
\c@pgf@countb=\count349
\c@pgf@countc=\count350
\c@pgf@countd=\count351
\t@pgf@toka=\toks38
\t@pgf@tokb=\toks39
\t@pgf@tokc=\toks40
\pgf@sys@id@count=\count352
 (c:/texlive/2024/texmf-dist/tex/generic/pgf/systemlayer/pgf.cfg
File: pgf.cfg 2023-01-15 v3.1.10 (3.1.10)
)
Driver file for pgf: pgfsys-pdftex.def
 (c:/texlive/2024/texmf-dist/tex/generic/pgf/systemlayer/pgfsys-pdftex.def
File: pgfsys-pdftex.def 2023-01-15 v3.1.10 (3.1.10)
 (c:/texlive/2024/texmf-dist/tex/generic/pgf/systemlayer/pgfsys-common-pdf.def
File: pgfsys-common-pdf.def 2023-01-15 v3.1.10 (3.1.10)
))) (c:/texlive/2024/texmf-dist/tex/generic/pgf/systemlayer/pgfsyssoftpath.code.tex
File: pgfsyssoftpath.code.tex 2023-01-15 v3.1.10 (3.1.10)
\pgfsyssoftpath@smallbuffer@items=\count353
\pgfsyssoftpath@bigbuffer@items=\count354
) (c:/texlive/2024/texmf-dist/tex/generic/pgf/systemlayer/pgfsysprotocol.code.tex
File: pgfsysprotocol.code.tex 2023-01-15 v3.1.10 (3.1.10)
)) (c:/texlive/2024/texmf-dist/tex/generic/pgf/basiclayer/pgfcore.code.tex
Package: pgfcore 2023-01-15 v3.1.10 (3.1.10)
 (c:/texlive/2024/texmf-dist/tex/generic/pgf/math/pgfmath.code.tex (c:/texlive/2024/texmf-dist/tex/generic/pgf/math/pgfmathutil.code.tex) (c:/texlive/2024/texmf-dist/tex/generic/pgf/math/pgfmathparser.code.tex
\pgfmath@dimen=\dimen260
\pgfmath@count=\count355
\pgfmath@box=\box60
\pgfmath@toks=\toks41
\pgfmath@stack@operand=\toks42
\pgfmath@stack@operation=\toks43
) (c:/texlive/2024/texmf-dist/tex/generic/pgf/math/pgfmathfunctions.code.tex) (c:/texlive/2024/texmf-dist/tex/generic/pgf/math/pgfmathfunctions.basic.code.tex) (c:/texlive/2024/texmf-dist/tex/generic/pgf/math/pgfmathfunctions.trigonometric.code.tex) (c:/texlive/2024/texmf-dist/tex/generic/pgf/math/pgfmathfunctions.random.code.tex) (c:/texlive/2024/texmf-dist/tex/generic/pgf/math/pgfmathfunctions.comparison.code.tex) (c:/texlive/2024/texmf-dist/tex/generic/pgf/math/pgfmathfunctions.base.code.tex) (c:/texlive/2024/texmf-dist/tex/generic/pgf/math/pgfmathfunctions.round.code.tex) (c:/texlive/2024/texmf-dist/tex/generic/pgf/math/pgfmathfunctions.misc.code.tex) (c:/texlive/2024/texmf-dist/tex/generic/pgf/math/pgfmathfunctions.integerarithmetics.code.tex) (c:/texlive/2024/texmf-dist/tex/generic/pgf/math/pgfmathcalc.code.tex) (c:/texlive/2024/texmf-dist/tex/generic/pgf/math/pgfmathfloat.code.tex
\c@pgfmathroundto@lastzeros=\count356
)) (c:/texlive/2024/texmf-dist/tex/generic/pgf/basiclayer/pgfcorepoints.code.tex
File: pgfcorepoints.code.tex 2023-01-15 v3.1.10 (3.1.10)
\pgf@picminx=\dimen261
\pgf@picmaxx=\dimen262
\pgf@picminy=\dimen263
\pgf@picmaxy=\dimen264
\pgf@pathminx=\dimen265
\pgf@pathmaxx=\dimen266
\pgf@pathminy=\dimen267
\pgf@pathmaxy=\dimen268
\pgf@xx=\dimen269
\pgf@xy=\dimen270
\pgf@yx=\dimen271
\pgf@yy=\dimen272
\pgf@zx=\dimen273
\pgf@zy=\dimen274
) (c:/texlive/2024/texmf-dist/tex/generic/pgf/basiclayer/pgfcorepathconstruct.code.tex
File: pgfcorepathconstruct.code.tex 2023-01-15 v3.1.10 (3.1.10)
\pgf@path@lastx=\dimen275
\pgf@path@lasty=\dimen276
) (c:/texlive/2024/texmf-dist/tex/generic/pgf/basiclayer/pgfcorepathusage.code.tex
File: pgfcorepathusage.code.tex 2023-01-15 v3.1.10 (3.1.10)
\pgf@shorten@end@additional=\dimen277
\pgf@shorten@start@additional=\dimen278
) (c:/texlive/2024/texmf-dist/tex/generic/pgf/basiclayer/pgfcorescopes.code.tex
File: pgfcorescopes.code.tex 2023-01-15 v3.1.10 (3.1.10)
\pgfpic=\box61
\pgf@hbox=\box62
\pgf@layerbox@main=\box63
\pgf@picture@serial@count=\count357
) (c:/texlive/2024/texmf-dist/tex/generic/pgf/basiclayer/pgfcoregraphicstate.code.tex
File: pgfcoregraphicstate.code.tex 2023-01-15 v3.1.10 (3.1.10)
\pgflinewidth=\dimen279
) (c:/texlive/2024/texmf-dist/tex/generic/pgf/basiclayer/pgfcoretransformations.code.tex
File: pgfcoretransformations.code.tex 2023-01-15 v3.1.10 (3.1.10)
\pgf@pt@x=\dimen280
\pgf@pt@y=\dimen281
\pgf@pt@temp=\dimen282
) (c:/texlive/2024/texmf-dist/tex/generic/pgf/basiclayer/pgfcorequick.code.tex
File: pgfcorequick.code.tex 2023-01-15 v3.1.10 (3.1.10)
) (c:/texlive/2024/texmf-dist/tex/generic/pgf/basiclayer/pgfcoreobjects.code.tex
File: pgfcoreobjects.code.tex 2023-01-15 v3.1.10 (3.1.10)
) (c:/texlive/2024/texmf-dist/tex/generic/pgf/basiclayer/pgfcorepathprocessing.code.tex
File: pgfcorepathprocessing.code.tex 2023-01-15 v3.1.10 (3.1.10)
) (c:/texlive/2024/texmf-dist/tex/generic/pgf/basiclayer/pgfcorearrows.code.tex
File: pgfcorearrows.code.tex 2023-01-15 v3.1.10 (3.1.10)
\pgfarrowsep=\dimen283
) (c:/texlive/2024/texmf-dist/tex/generic/pgf/basiclayer/pgfcoreshade.code.tex
File: pgfcoreshade.code.tex 2023-01-15 v3.1.10 (3.1.10)
\pgf@max=\dimen284
\pgf@sys@shading@range@num=\count358
\pgf@shadingcount=\count359
) (c:/texlive/2024/texmf-dist/tex/generic/pgf/basiclayer/pgfcoreimage.code.tex
File: pgfcoreimage.code.tex 2023-01-15 v3.1.10 (3.1.10)
) (c:/texlive/2024/texmf-dist/tex/generic/pgf/basiclayer/pgfcoreexternal.code.tex
File: pgfcoreexternal.code.tex 2023-01-15 v3.1.10 (3.1.10)
\pgfexternal@startupbox=\box64
) (c:/texlive/2024/texmf-dist/tex/generic/pgf/basiclayer/pgfcorelayers.code.tex
File: pgfcorelayers.code.tex 2023-01-15 v3.1.10 (3.1.10)
) (c:/texlive/2024/texmf-dist/tex/generic/pgf/basiclayer/pgfcoretransparency.code.tex
File: pgfcoretransparency.code.tex 2023-01-15 v3.1.10 (3.1.10)
) (c:/texlive/2024/texmf-dist/tex/generic/pgf/basiclayer/pgfcorepatterns.code.tex
File: pgfcorepatterns.code.tex 2023-01-15 v3.1.10 (3.1.10)
) (c:/texlive/2024/texmf-dist/tex/generic/pgf/basiclayer/pgfcorerdf.code.tex
File: pgfcorerdf.code.tex 2023-01-15 v3.1.10 (3.1.10)
))) (c:/texlive/2024/texmf-dist/tex/generic/pgf/modules/pgfmoduleshapes.code.tex
File: pgfmoduleshapes.code.tex 2023-01-15 v3.1.10 (3.1.10)
\pgfnodeparttextbox=\box65
) (c:/texlive/2024/texmf-dist/tex/generic/pgf/modules/pgfmoduleplot.code.tex
File: pgfmoduleplot.code.tex 2023-01-15 v3.1.10 (3.1.10)
) (c:/texlive/2024/texmf-dist/tex/latex/pgf/compatibility/pgfcomp-version-0-65.sty
Package: pgfcomp-version-0-65 2023-01-15 v3.1.10 (3.1.10)
\pgf@nodesepstart=\dimen285
\pgf@nodesepend=\dimen286
) (c:/texlive/2024/texmf-dist/tex/latex/pgf/compatibility/pgfcomp-version-1-18.sty
Package: pgfcomp-version-1-18 2023-01-15 v3.1.10 (3.1.10)
)) (c:/texlive/2024/texmf-dist/tex/latex/pgf/utilities/pgffor.sty (c:/texlive/2024/texmf-dist/tex/latex/pgf/math/pgfmath.sty (c:/texlive/2024/texmf-dist/tex/generic/pgf/math/pgfmath.code.tex)) (c:/texlive/2024/texmf-dist/tex/generic/pgf/utilities/pgffor.code.tex
Package: pgffor 2023-01-15 v3.1.10 (3.1.10)
\pgffor@iter=\dimen287
\pgffor@skip=\dimen288
\pgffor@stack=\toks44
\pgffor@toks=\toks45
)) (c:/texlive/2024/texmf-dist/tex/generic/pgf/frontendlayer/tikz/tikz.code.tex
Package: tikz 2023-01-15 v3.1.10 (3.1.10)
 (c:/texlive/2024/texmf-dist/tex/generic/pgf/libraries/pgflibraryplothandlers.code.tex
File: pgflibraryplothandlers.code.tex 2023-01-15 v3.1.10 (3.1.10)
\pgf@plot@mark@count=\count360
\pgfplotmarksize=\dimen289
)
\tikz@lastx=\dimen290
\tikz@lasty=\dimen291
\tikz@lastxsaved=\dimen292
\tikz@lastysaved=\dimen293
\tikz@lastmovetox=\dimen294
\tikz@lastmovetoy=\dimen295
\tikzleveldistance=\dimen296
\tikzsiblingdistance=\dimen297
\tikz@figbox=\box66
\tikz@figbox@bg=\box67
\tikz@tempbox=\box68
\tikz@tempbox@bg=\box69
\tikztreelevel=\count361
\tikznumberofchildren=\count362
\tikznumberofcurrentchild=\count363
\tikz@fig@count=\count364
 (c:/texlive/2024/texmf-dist/tex/generic/pgf/modules/pgfmodulematrix.code.tex
File: pgfmodulematrix.code.tex 2023-01-15 v3.1.10 (3.1.10)
\pgfmatrixcurrentrow=\count365
\pgfmatrixcurrentcolumn=\count366
\pgf@matrix@numberofcolumns=\count367
)
\tikz@expandcount=\count368
 (c:/texlive/2024/texmf-dist/tex/generic/pgf/frontendlayer/tikz/libraries/tikzlibrarytopaths.code.tex
File: tikzlibrarytopaths.code.tex 2023-01-15 v3.1.10 (3.1.10)
))) (c:/texlive/2024/texmf-dist/tex/generic/pgf/frontendlayer/tikz/libraries/tikzlibrarypositioning.code.tex
File: tikzlibrarypositioning.code.tex 2023-01-15 v3.1.10 (3.1.10)
)
\c@@todonotes@numberoftodonotes=\count369
) (c:/texlive/2024/texmf-dist/tex/latex/lipsum/lipsum.sty (c:/texlive/2024/texmf-dist/tex/latex/l3packages/l3keys2e/l3keys2e.sty
Package: l3keys2e 2024-08-16 LaTeX2e option processing using LaTeX3 keys
)
Package: lipsum 2021-09-20 v2.7 150 paragraphs of Lorem Ipsum dummy text
\g__lipsum_par_int=\count370
\l__lipsum_a_int=\count371
\l__lipsum_b_int=\count372
 (c:/texlive/2024/texmf-dist/tex/latex/lipsum/lipsum.ltd.tex)) (c:/texlive/2024/texmf-dist/tex/latex/listings/listings.sty
\lst@mode=\count373
\lst@gtempboxa=\box70
\lst@token=\toks46
\lst@length=\count374
\lst@currlwidth=\dimen298
\lst@column=\count375
\lst@pos=\count376
\lst@lostspace=\dimen299
\lst@width=\dimen300
\lst@newlines=\count377
\lst@lineno=\count378
\lst@maxwidth=\dimen301
 (c:/texlive/2024/texmf-dist/tex/latex/listings/lstpatch.sty
File: lstpatch.sty 2024/05/25 1.10b (Carsten Heinz)
) (c:/texlive/2024/texmf-dist/tex/latex/listings/lstmisc.sty
File: lstmisc.sty 2024/05/25 1.10b (Carsten Heinz)
\c@lstnumber=\count379
\lst@skipnumbers=\count380
\lst@framebox=\box71
) (c:/texlive/2024/texmf-dist/tex/latex/listings/listings.cfg
File: listings.cfg 2024/05/25 1.10b listings configuration
))
Package: listings 2024/05/25 1.10b (Carsten Heinz)
 (c:/texlive/2024/texmf-dist/tex/latex/fancyvrb/fancyvrb.sty
Package: fancyvrb 2024/01/20 4.5c verbatim text (tvz,hv)
\FV@CodeLineNo=\count381
\FV@InFile=\read5
\FV@TabBox=\box72
\c@FancyVerbLine=\count382
\FV@StepNumber=\count383
\FV@OutFile=\write5
) (c:/texlive/2024/texmf-dist/tex/latex/fvextra/fvextra.sty
Package: fvextra 2024/09/14 v1.8.0 fvextra - extensions and patches for fancyvrb
 (c:/texlive/2024/texmf-dist/tex/latex/upquote/upquote.sty
Package: upquote 2012/04/19 v1.3 upright-quote and grave-accent glyphs in verbatim
 (c:/texlive/2024/texmf-dist/tex/latex/base/textcomp.sty
Package: textcomp 2024/04/24 v2.1b Standard LaTeX package
)) (c:/texlive/2024/texmf-dist/tex/latex/lineno/lineno.sty
Package: lineno 2023/05/20 line numbers on paragraphs v5.3
\linenopenalty=\count384
\output=\toks47
\linenoprevgraf=\count385
\linenumbersep=\dimen302
\linenumberwidth=\dimen303
\c@linenumber=\count386
\c@pagewiselinenumber=\count387
\c@LN@truepage=\count388
\c@internallinenumber=\count389
\c@internallinenumbers=\count390
\quotelinenumbersep=\dimen304
\bframerule=\dimen305
\bframesep=\dimen306
\bframebox=\box73


LaTeX Warning: Command \@parboxrestore  has changed.
               Check if current package is valid.

LaTeX Info: Redefining \\ on input line 3180.
)

Package fvextra Warning: csquotes should be loaded after fvextra, to avoid a warning from the lineno package on input line 36.

\c@FancyVerbWriteLine=\count391
\c@FancyVerbBufferIndex=\count392
\c@FancyVerbBufferLength=\count393
\c@FancyVerbBufferLine=\count394
\c@FV@oldbufferlength=\count395
\c@FV@TrueTabGroupLevel=\count396
\c@FV@TrueTabCounter=\count397
\FV@TabBox@Group=\box74
\FV@TmpLength=\skip256
\c@FV@HighlightLinesStart=\count398
\c@FV@HighlightLinesStop=\count399
\FV@LoopCount=\count400
\FV@NCharsBox=\box75
\FV@BreakIndent=\dimen307
\FV@BreakIndentNChars=\count401
\FV@BreakSymbolSepLeft=\dimen308
\FV@BreakSymbolSepLeftNChars=\count402
\FV@BreakSymbolSepRight=\dimen309
\FV@BreakSymbolSepRightNChars=\count403
\FV@BreakSymbolIndentLeft=\dimen310
\FV@BreakSymbolIndentLeftNChars=\count404
\FV@BreakSymbolIndentRight=\dimen311
\FV@BreakSymbolIndentRightNChars=\count405
\c@FancyVerbLineBreakLast=\count406
\FV@LineBox=\box76
\FV@LineIndentBox=\box77
\c@FV@BreakBufferDepth=\count407
\FV@LineWidth=\dimen312
) (c:/texlive/2024/texmf-dist/tex/latex/caption/caption.sty
Package: caption 2023/08/05 v3.6o Customizing captions (AR)
 (c:/texlive/2024/texmf-dist/tex/latex/caption/caption3.sty
Package: caption3 2023/07/31 v2.4d caption3 kernel (AR)
\caption@tempdima=\dimen313
\captionmargin=\dimen314
\caption@leftmargin=\dimen315
\caption@rightmargin=\dimen316
\caption@width=\dimen317
\caption@indent=\dimen318
\caption@parindent=\dimen319
\caption@hangindent=\dimen320
Package caption Info: memoir document class detected.
 (c:/texlive/2024/texmf-dist/tex/latex/caption/caption-memoir.sto
File: caption-memoir.sto 2023/09/08 v2.2c Adaption of the caption package to the memoir document class (AR)
))
\c@caption@flags=\count408
\c@continuedfloat=\count409
Package caption Info: changepage package is loaded.
\caption@adjustwidth@hsize=\dimen321
\caption@adjustwidth@linewidth=\dimen322
Package caption Info: listings package is loaded.
) (c:/texlive/2024/texmf-dist/tex/latex/caption/subcaption.sty
Package: subcaption 2023/07/28 v1.6b Sub-captions (AR)
Package caption Info: New subtype `subfigure' on input line 238.
\c@subfigure=\count410
Package caption Info: New subtype `subtable' on input line 238.
\c@subtable=\count411
) (c:/texlive/2024/texmf-dist/tex/latex/wrapfig/wrapfig.sty
\wrapoverhang=\dimen323
\WF@size=\dimen324
\c@WF@wrappedlines=\count412
\WF@box=\box78
\WF@everypar=\toks48
Package: wrapfig 2003/01/31  v 3.6
) (c:/texlive/2024/texmf-dist/tex/latex/float/float.sty
Package: float 2001/11/08 v1.3d Float enhancements (AL)
\c@float@type=\count413
\float@exts=\toks49
\float@box=\box79
\@float@everytoks=\toks50
\@floatcapt=\box80
) (c:/texlive/2024/texmf-dist/tex/latex/totalcount/totalcount.sty
Package: totalcount 2018/01/21 v1.0a Total values of counters (AR)
\c@totalcount@figure=\count414
\c@totalcount@table=\count415
\c@totalcount@lstlisting=\count416
) (./ISELthesis-files/user-sty/fix-hyperref.sty
NT FILE fix-hyperref.sty
) (c:/texlive/2024/texmf-dist/tex/latex/hyperref/hyperref.sty
Package: hyperref 2024-07-10 v7.01j Hypertext links for LaTeX
 (c:/texlive/2024/texmf-dist/tex/generic/kvdefinekeys/kvdefinekeys.sty
Package: kvdefinekeys 2019-12-19 v1.6 Define keys (HO)
) (c:/texlive/2024/texmf-dist/tex/generic/pdfescape/pdfescape.sty
Package: pdfescape 2019/12/09 v1.15 Implements pdfTeX's escape features (HO)
 (c:/texlive/2024/texmf-dist/tex/generic/pdftexcmds/pdftexcmds.sty
Package: pdftexcmds 2020-06-27 v0.33 Utility functions of pdfTeX for LuaTeX (HO)
Package pdftexcmds Info: \pdf@primitive is available.
Package pdftexcmds Info: \pdf@ifprimitive is available.
Package pdftexcmds Info: \pdfdraftmode found.
)) (c:/texlive/2024/texmf-dist/tex/latex/hycolor/hycolor.sty
Package: hycolor 2020-01-27 v1.10 Color options for hyperref/bookmark (HO)
) (c:/texlive/2024/texmf-dist/tex/generic/stringenc/stringenc.sty
Package: stringenc 2019/11/29 v1.12 Convert strings between diff. encodings (HO)
)
\@linkdim=\dimen325
\Hy@linkcounter=\count417
\Hy@pagecounter=\count418
 (c:/texlive/2024/texmf-dist/tex/latex/hyperref/pd1enc.def
File: pd1enc.def 2024-07-10 v7.01j Hyperref: PDFDocEncoding definition (HO)
Now handling font encoding PD1 ...
... no UTF-8 mapping file for font encoding PD1
) (c:/texlive/2024/texmf-dist/tex/generic/intcalc/intcalc.sty
Package: intcalc 2019/12/15 v1.3 Expandable calculations with integers (HO)
)
\Hy@SavedSpaceFactor=\count419
 (c:/texlive/2024/texmf-dist/tex/latex/hyperref/puenc.def
File: puenc.def 2024-07-10 v7.01j Hyperref: PDF Unicode definition (HO)
Now handling font encoding PU ...
... no UTF-8 mapping file for font encoding PU
)
Package hyperref Info: Option `bookmarksnumbered' set `true' on input line 4040.
Package hyperref Info: Option `breaklinks' set `true' on input line 4040.
Package hyperref Info: Option `colorlinks' set `true' on input line 4040.
Package hyperref Info: Option `pdfdisplaydoctitle' set `true' on input line 4040.
Package hyperref Info: Option `unicode' set `true' on input line 4040.
Package hyperref Info: Hyper figures OFF on input line 4157.
Package hyperref Info: Link nesting OFF on input line 4162.
Package hyperref Info: Hyper index ON on input line 4165.
Package hyperref Info: Plain pages OFF on input line 4172.
Package hyperref Info: Backreferencing OFF on input line 4177.
Package hyperref Info: Implicit mode ON; LaTeX internals redefined.
Package hyperref Info: Bookmarks ON on input line 4424.
\c@Hy@tempcnt=\count420
 (c:/texlive/2024/texmf-dist/tex/latex/url/url.sty
\Urlmuskip=\muskip17
Package: url 2013/09/16  ver 3.4  Verb mode for urls, etc.
)
LaTeX Info: Redefining \url on input line 4763.
\XeTeXLinkMargin=\dimen326
 (c:/texlive/2024/texmf-dist/tex/generic/bitset/bitset.sty
Package: bitset 2019/12/09 v1.3 Handle bit-vector datatype (HO)
 (c:/texlive/2024/texmf-dist/tex/generic/bigintcalc/bigintcalc.sty
Package: bigintcalc 2019/12/15 v1.5 Expandable calculations on big integers (HO)
))
\Fld@menulength=\count421
\Field@Width=\dimen327
\Fld@charsize=\dimen328
Package hyperref Info: Hyper figures OFF on input line 6042.
Package hyperref Info: Link nesting OFF on input line 6047.
Package hyperref Info: Hyper index ON on input line 6050.
Package hyperref Info: backreferencing OFF on input line 6057.
Package hyperref Info: Link coloring ON on input line 6060.
Package hyperref Info: Link coloring with OCG OFF on input line 6067.
Package hyperref Info: PDF/A mode OFF on input line 6072.
 (c:/texlive/2024/texmf-dist/tex/latex/base/atbegshi-ltx.sty
Package: atbegshi-ltx 2021/01/10 v1.0c Emulation of the original atbegshi
package with kernel methods
)
\Hy@abspage=\count422
\c@Item=\count423
\c@Hfootnote=\count424
)
Package hyperref Info: Driver (autodetected): hpdftex.
 (c:/texlive/2024/texmf-dist/tex/latex/hyperref/hpdftex.def
File: hpdftex.def 2024-07-10 v7.01j Hyperref driver for pdfTeX
 (c:/texlive/2024/texmf-dist/tex/latex/base/atveryend-ltx.sty
Package: atveryend-ltx 2020/08/19 v1.0a Emulation of the original atveryend package
with kernel methods
)
\Fld@listcount=\count425
\c@bookmark@seq@number=\count426
 (c:/texlive/2024/texmf-dist/tex/latex/rerunfilecheck/rerunfilecheck.sty
Package: rerunfilecheck 2022-07-10 v1.10 Rerun checks for auxiliary files (HO)
 (c:/texlive/2024/texmf-dist/tex/generic/uniquecounter/uniquecounter.sty
Package: uniquecounter 2019/12/15 v1.4 Provide unlimited unique counter (HO)
)
Package uniquecounter Info: New unique counter `rerunfilecheck' on input line 285.
)
\Hy@SectionHShift=\skip257
) (c:/texlive/2024/texmf-dist/tex/latex/memoir/memhfixc.sty
Package: memhfixc 2023/09/10 v1.22 hyperref package fixes for memoir class
\c@memhycontfloat=\count427
\c@Hpagenote=\count428
) (c:/texlive/2024/texmf-dist/tex/latex/bookmark/bookmark.sty
Package: bookmark 2023-12-10 v1.31 PDF bookmarks (HO)
 (c:/texlive/2024/texmf-dist/tex/latex/bookmark/bkm-pdftex.def
File: bkm-pdftex.def 2023-12-10 v1.31 bookmark driver for pdfTeX and luaTeX (HO)
\BKM@id=\count429
)) (c:/texlive/2024/texmf-dist/tex/latex/algorithms/algorithm.sty
Package: algorithm 2009/08/24 v0.1 Document Style `algorithm' - floating environment
\@float@every@algorithm=\toks51
\c@algorithm=\count430
) (c:/texlive/2024/texmf-dist/tex/latex/algorithmicx/algorithmicx.sty
Package: algorithmicx 2005/04/27 v1.2 Algorithmicx

Document Style algorithmicx 1.2 - a greatly improved `algorithmic' style
\c@ALG@line=\count431
\c@ALG@rem=\count432
\c@ALG@nested=\count433
\ALG@tlm=\skip258
\ALG@thistlm=\skip259
\c@ALG@Lnr=\count434
\c@ALG@blocknr=\count435
\c@ALG@storecount=\count436
\c@ALG@tmpcounter=\count437
\ALG@tmplength=\skip260
) (c:/texlive/2024/texmf-dist/tex/latex/algorithmicx/algpseudocode.sty
Package: algpseudocode 

Document Style - pseudocode environments for use with the `algorithmicx' style
) (c:/texlive/2024/texmf-dist/tex/latex/base/fontenc.sty
Package: fontenc 2021/04/29 v2.0v Standard LaTeX package
) (c:/texlive/2024/texmf-dist/tex/latex/glossaries-extra/glossaries-extra.sty
Package: glossaries-extra 2023/09/29 v1.53 (NLCT)
 (c:/texlive/2024/texmf-dist/tex/latex/glossaries/base/glossaries.sty
Package: glossaries 2024/04/03 v4.54 (NLCT)
 (c:/texlive/2024/texmf-dist/tex/latex/mfirstuc/mfirstuc.sty
Package: mfirstuc 2022/10/14 v2.08 (NLCT)
\@glsmfirst=\toks52
\@glsmrest=\toks53
) (c:/texlive/2024/texmf-dist/tex/latex/xfor/xfor.sty
Package: xfor 2009/02/05 v1.05 (NLCT)
) (c:/texlive/2024/texmf-dist/tex/latex/datatool/datatool-base.sty
Package: datatool-base 2019/09/27 v2.32 (NLCT)
 (c:/texlive/2024/texmf-dist/tex/latex/amsmath/amsmath.sty
Package: amsmath 2024/05/23 v2.17q AMS math features
\@mathmargin=\skip261

For additional information on amsmath, use the `?' option.
(c:/texlive/2024/texmf-dist/tex/latex/amsmath/amstext.sty
Package: amstext 2021/08/26 v2.01 AMS text
 (c:/texlive/2024/texmf-dist/tex/latex/amsmath/amsgen.sty
File: amsgen.sty 1999/11/30 v2.0 generic functions
\@emptytoks=\toks54
\ex@=\dimen329
)) (c:/texlive/2024/texmf-dist/tex/latex/amsmath/amsbsy.sty
Package: amsbsy 1999/11/29 v1.2d Bold Symbols
\pmbraise@=\dimen330
) (c:/texlive/2024/texmf-dist/tex/latex/amsmath/amsopn.sty
Package: amsopn 2022/04/08 v2.04 operator names
)
\inf@bad=\count438
LaTeX Info: Redefining \frac on input line 233.
\uproot@=\count439
\leftroot@=\count440
LaTeX Info: Redefining \overline on input line 398.
LaTeX Info: Redefining \colon on input line 409.
\classnum@=\count441
\DOTSCASE@=\count442
LaTeX Info: Redefining \ldots on input line 495.
LaTeX Info: Redefining \dots on input line 498.
LaTeX Info: Redefining \cdots on input line 619.
\Mathstrutbox@=\box81
\strutbox@=\box82
LaTeX Info: Redefining \big on input line 721.
LaTeX Info: Redefining \Big on input line 722.
LaTeX Info: Redefining \bigg on input line 723.
LaTeX Info: Redefining \Bigg on input line 724.
\big@size=\dimen331
LaTeX Font Info:    Redeclaring font encoding OML on input line 742.
LaTeX Font Info:    Redeclaring font encoding OMS on input line 743.
\macc@depth=\count443
LaTeX Info: Redefining \bmod on input line 904.
LaTeX Info: Redefining \pmod on input line 909.
LaTeX Info: Redefining \smash on input line 939.
LaTeX Info: Redefining \relbar on input line 969.
LaTeX Info: Redefining \Relbar on input line 970.
\c@MaxMatrixCols=\count444
\dotsspace@=\muskip18
\c@parentequation=\count445
\dspbrk@lvl=\count446
\tag@help=\toks55
\row@=\count447
\column@=\count448
\maxfields@=\count449
\andhelp@=\toks56
\eqnshift@=\dimen332
\alignsep@=\dimen333
\tagshift@=\dimen334
\tagwidth@=\dimen335
\totwidth@=\dimen336
\lineht@=\dimen337
\@envbody=\toks57
\multlinegap=\skip262
\multlinetaggap=\skip263
\mathdisplay@stack=\toks58
LaTeX Info: Redefining \[ on input line 2953.
LaTeX Info: Redefining \] on input line 2954.
)
\linenoamsmath@ams@eqpen=\count450
 (c:/texlive/2024/texmf-dist/tex/latex/substr/substr.sty
Package: substr 2009/10/20 v1.2 Handle substrings
\c@su@anzahl=\count451
) (c:/texlive/2024/texmf-dist/tex/latex/datatool/datatool-fp.sty
Package: datatool-fp 2019/09/27 v2.32 (NLCT)
 (c:/texlive/2024/texmf-dist/tex/latex/fp/fp.sty
Package: fp 1995/04/02
 `Fixed Point Package', Version 0.8, April 2, 1995 (C) Michael Mehlich (c:/texlive/2024/texmf-dist/tex/latex/fp/defpattern.sty
Package: defpattern 1994/10/12
\actioncount=\count452
) (c:/texlive/2024/texmf-dist/tex/latex/fp/fp-basic.sty
Package: fp-basic 1996/05/13
\FP@xs=\count453
\FP@xia=\count454
\FP@xib=\count455
\FP@xfa=\count456
\FP@xfb=\count457
\FP@rega=\count458
\FP@regb=\count459
\FP@regs=\count460
\FP@times=\count461
) (c:/texlive/2024/texmf-dist/tex/latex/fp/fp-addons.sty
Package: fp-addons 1995/03/15
) (c:/texlive/2024/texmf-dist/tex/latex/fp/fp-snap.sty
Package: fp-snap 1995/04/05
) (c:/texlive/2024/texmf-dist/tex/latex/fp/fp-exp.sty
Package: fp-exp 1995/04/03
) (c:/texlive/2024/texmf-dist/tex/latex/fp/fp-trigo.sty
Package: fp-trigo 1995/04/14
) (c:/texlive/2024/texmf-dist/tex/latex/fp/fp-pas.sty
Package: fp-pas 1994/08/29
) (c:/texlive/2024/texmf-dist/tex/latex/fp/fp-random.sty
Package: fp-random 1995/02/23
\FPseed=\count462
) (c:/texlive/2024/texmf-dist/tex/latex/fp/fp-eqn.sty
Package: fp-eqn 1995/04/03
) (c:/texlive/2024/texmf-dist/tex/latex/fp/fp-upn.sty
Package: fp-upn 1996/10/21
) (c:/texlive/2024/texmf-dist/tex/latex/fp/fp-eval.sty
Package: fp-eval 1995/04/03
)))
\@dtl@toks=\toks59
\@dtl@tmpcount=\count463
\dtl@tmplength=\skip264
\dtl@sortresult=\count464
\@dtl@numgrpsepcount=\count465
\@dtl@datatype=\count466
\dtl@codeA=\count467
\dtl@codeB=\count468
\@dtl@foreach@level=\count469
) (c:/texlive/2024/texmf-dist/tex/latex/tracklang/tracklang.sty
Package: tracklang 2022/12/13 v1.6.1 (NLCT) Track Languages
 (c:/texlive/2024/texmf-dist/tex/generic/tracklang/tracklang.tex)) (c:/texlive/2024/texmf-dist/tex/latex/glossaries-english/glossaries-english.ldf
File: glossaries-english.ldf 2014/11/23 v1.0
) (c:/texlive/2024/texmf-dist/tex/latex/glossaries-portuges/glossaries-portuges.ldf
File: glossaries-portuges.ldf 2014/11/23 v1.0
 (c:/texlive/2024/texmf-dist/tex/latex/glossaries-portuges/glossaries-portuges-utf8.ldf))
\gls@level=\count470
\@gls@tmpb=\toks60
\gls@tmplen=\skip265
\glskeylisttok=\toks61
\glslabeltok=\toks62
\glsshorttok=\toks63
\glslongtok=\toks64
 (c:/texlive/2024/texmf-dist/tex/latex/glossaries/styles/glossary-hypernav.sty
Package: glossary-hypernav 2024/04/03 v4.54 (NLCT)
) (c:/texlive/2024/texmf-dist/tex/latex/glossaries/styles/glossary-list.sty
Package: glossary-list 2024/04/03 v4.54 (NLCT)
\glslistdottedwidth=\skip266
) (c:/texlive/2024/texmf-dist/tex/latex/glossaries/styles/glossary-long.sty
Package: glossary-long 2024/04/03 v4.54 (NLCT)
 (c:/texlive/2024/texmf-dist/tex/latex/tools/longtable.sty
Package: longtable 2024-04-26 v4.20 Multi-page Table package (DPC)
\LTleft=\skip267
\LTright=\skip268
\LTpre=\skip269
\LTpost=\skip270
\LTchunksize=\count471
\LTcapwidth=\dimen338
\LT@head=\box83
\LT@firsthead=\box84
\LT@foot=\box85
\LT@lastfoot=\box86
\LT@gbox=\box87
\LT@cols=\count472
\LT@rows=\count473
\c@LT@tables=\count474
\c@LT@chunks=\count475
\LT@p@ftn=\toks65
)
\glsdescwidth=\skip271
\glspagelistwidth=\skip272
) (c:/texlive/2024/texmf-dist/tex/latex/glossaries/styles/glossary-super.sty
Package: glossary-super 2024/04/03 v4.54 (NLCT)
 (c:/texlive/2024/texmf-dist/tex/latex/supertabular/supertabular.sty
Package: supertabular 2024/07/20 v4.2c the supertabular environment
\c@tracingst=\count476
\ST@wd=\dimen339
\ST@rightskip=\skip273
\ST@leftskip=\skip274
\ST@parfillskip=\skip275
\ST@pageleft=\dimen340
\ST@headht=\dimen341
\ST@tailht=\dimen342
\ST@pagesofar=\dimen343
\ST@pboxht=\dimen344
\ST@rowht=\dimen345
\ST@prevht=\dimen346
\ST@toadd=\dimen347
\ST@dimen=\dimen348
\ST@pbox=\box88
)) (c:/texlive/2024/texmf-dist/tex/latex/glossaries/styles/glossary-tree.sty
Package: glossary-tree 2024/04/03 v4.54 (NLCT)
\glstreeindent=\skip276
))
\@glsxtr@leveloffset=\count477
\glsxtrresourcecount=\count478
\@glsxtrnewgls@inner=\count479
\glsshortpltok=\toks66
\glslongpltok=\toks67
 (c:/texlive/2024/texmf-dist/tex/latex/glossaries-extra/glossaries-extra-abbrstyles.def
File: glossaries-extra-abbrstyles.def 2023/06/28 v1.52 (NLCT)
)
\mglselementindex=\count480
) (./ISELthesis-files/user-sty/glossary-xltabular.sty
Package: ISELthesis-files/user-sty/glossary-xltabular 2020/12/22 v1.0
 (c:/texlive/2024/texmf-dist/tex/latex/xltabular/xltabular.sty
Package: xltabular 2020/11/04 v0.2e `xltabular' package (hv,RN)
 (c:/texlive/2024/texmf-dist/tex/latex/ltablex/ltablex.sty
Package: ltablex 2014/08/13 v1.1 Modified tabularx
))) (c:/texlive/2024/texmf-dist/tex/latex/graphbox/graphbox.sty
Package: graphbox 2018/01/17 v1.1 extension for graphicx to adjust containing box
\Gin@box@box=\box89
\Gin@box@width=\skip277
\Gin@box@height=\skip278
\Gin@box@raise=\skip279
\Gin@box@hspace=\skip280
\Gin@box@bwidth=\skip281
\Gin@box@bheight=\skip282
) (c:/texlive/2024/texmf-dist/tex/latex/eso-pic/eso-pic.sty
Package: eso-pic 2023/05/03 v3.0c eso-pic (RN)
\ESO@tempdima=\dimen349
\ESO@tempdimb=\dimen350
) (./ISELthesis-files/user-sty/code.sty

LaTeX Warning: You have requested package `ISELthesis-files/user-sty/code',
               but the package provides `code'.

Package: code 2018/03/03 v1 Base file of Helper package to develop presentations in beamer
(c:/texlive/2024/texmf-dist/tex/latex/tcolorbox/tcolorbox.sty
Package: tcolorbox 2024/07/10 version 6.3.0 text color boxes
 (c:/texlive/2024/texmf-dist/tex/latex/environ/environ.sty
Package: environ 2014/05/04 v0.3 A new way to define environments
 (c:/texlive/2024/texmf-dist/tex/latex/trimspaces/trimspaces.sty
Package: trimspaces 2009/09/17 v1.1 Trim spaces around a token list
))
\tcb@titlebox=\box90
\tcb@upperbox=\box91
\tcb@lowerbox=\box92
\tcb@phantombox=\box93
\c@tcbbreakpart=\count481
\c@tcblayer=\count482
\c@tcolorbox@number=\count483
\l__tcobox_tmpa_box=\box94
\l__tcobox_tmpa_dim=\dimen351
\tcb@temp=\box95
\tcb@temp=\box96
\tcb@temp=\box97
\tcb@temp=\box98
) (c:/texlive/2024/texmf-dist/tex/latex/listings/lstlang1.sty
File: lstlang1.sty 2024/05/25 1.10b listings language file
) (c:/texlive/2024/texmf-dist/tex/latex/listings/lstlang2.sty
File: lstlang2.sty 2024/05/25 1.10b listings language file
) (c:/texlive/2024/texmf-dist/tex/latex/listings/lstlang3.sty
File: lstlang3.sty 2024/05/25 1.10b listings language file
) (c:/texlive/2024/texmf-dist/tex/latex/listings/lstlang1.sty
File: lstlang1.sty 2024/05/25 1.10b listings language file
) (c:/texlive/2024/texmf-dist/tex/latex/listings/lstlang1.sty
File: lstlang1.sty 2024/05/25 1.10b listings language file
)) (c:/texlive/2024/texmf-dist/tex/latex/datetime/datetime.sty
Package: datetime 2015/03/20 v2.60 Date Time Package
 (c:/texlive/2024/texmf-dist/tex/latex/fmtcount/fmtcount.sty
Package: fmtcount 2024/08/31 v3.08
 (c:/texlive/2024/texmf-dist/tex/latex/fmtcount/fcprefix.sty
Package: fcprefix 2012/09/28
 (c:/texlive/2024/texmf-dist/tex/latex/fmtcount/fcnumparser.sty
Package: fcnumparser 2017/06/15
\fc@digit@counter=\count484
))
\c@padzeroesN=\count485
\fc@tmpcatcode=\count486
 (c:/texlive/2024/texmf-dist/tex/latex/fmtcount/fc-english.def
File: fc-english.def 2016/01/12
) (c:/texlive/2024/texmf-dist/tex/latex/fmtcount/fc-portuges.def
File: fc-portuges.def 2017/12/26
)
\@DT@modctr=\count487
\@ordinalctr=\count488
\@orgargctr=\count489
\@strctr=\count490
\@tmpstrctr=\count491
\@DT@loopN=\count492
\@DT@X=\count493


Package fmtcount Warning: \ordinal already defined use \FCordinal instead. on input line 467.

) (c:/texlive/2024/texmf-dist/tex/latex/datetime/datetime-defaults.sty
Package: datetime-defaults 2013/09/10
)
\@day=\count494
\@month=\count495
\@year=\count496
\c@HOUR=\count497
\c@HOURXII=\count498
\c@MINUTE=\count499
\c@TOHOUR=\count500
\c@TOMINUTE=\count501
\c@SECOND=\count502
\currenthour=\count503
\currentminute=\count504
\currentsecond=\count505
Package datetime Info: No datetime.cfg file found, using default settings on input line 308.
\@dtctr=\count506
\dayofyear=\count507
\dayofweek=\count508
LaTeX Info: Redefining \today on input line 736.
\dt@a=\toks68
\dt@b=\toks69
) (c:/texlive/2024/texmf-dist/tex/latex/pdfpages/pdfpages.sty
Package: pdfpages 2024/08/20 v0.6b Insert pages of external PDF documents (AM)
\AM@pagewidth=\dimen352
\AM@pageheight=\dimen353
\AM@fboxrule=\dimen354
 (c:/texlive/2024/texmf-dist/tex/latex/pdfpages/pppdftex.def
File: pppdftex.def 2024/08/20 v0.6b Pdfpages driver for pdfTeX (AM)
)
\pdfpages@includegraphics@status=\count509
\AM@pagebox=\box99
\AM@global@opts=\toks70
\AM@pagecnt=\count510
\AM@toc@title=\toks71
\AM@lof@heading=\toks72
\c@AM@survey=\count511
\AM@templatesizebox=\box100
) (c:/texlive/2024/texmf-dist/tex/latex/pdflscape/pdflscape.sty
Package: pdflscape 2022-10-27 v0.13 Display of landscape pages in PDF
 (c:/texlive/2024/texmf-dist/tex/latex/pdflscape/pdflscape-nometadata.sty
Package: pdflscape-nometadata 2022-10-28 v0.13 Display of landscape pages in PDF (HO)
 (c:/texlive/2024/texmf-dist/tex/latex/graphics/lscape.sty
Package: lscape 2020/05/28 v3.02 Landscape Pages (DPC)
)
Package pdflscape Info: Auto-detected driver: pdftex on input line 81.
)) (c:/texlive/2024/texmf-dist/tex/latex/ctable/ctable.sty
Package: ctable 2015/10/17 v1.31 ctable package for flexible typesetting of table and figure floats using key/value directives
 (c:/texlive/2024/texmf-dist/tex/generic/iftex/ifpdf.sty
Package: ifpdf 2019/10/25 v3.4 ifpdf legacy package. Use iftex instead.
) (c:/texlive/2024/texmf-dist/tex/latex/graphics/rotating.sty
Package: rotating 2016/08/11 v2.16d rotated objects in LaTeX
\c@r@tfl@t=\count512
\rotFPtop=\skip283
\rotFPbot=\skip284
\rot@float@box=\box101
\rot@mess@toks=\toks73
)

Package ctable Warning:  Transparency disabled: incompatible with tikz package  on input line 36.

\@CTframesep=\dimen355
\@dfltCTframesep=\dimen356
\@CTframerule=\dimen357
\@dfltCTframerule=\dimen358
\@CTwidth=\dimen359
\@dfltCTwidth=\dimen360
\@CTcaptionskip=\dimen361
\@dfltCTcaptionskip=\dimen362
\@CTmaxwidth=\dimen363
\@dfltCTmaxwidth=\dimen364
\@CTmincapwidth=\dimen365
\@dfltCTmincapwidth=\dimen366
\@CTfooterwidth=\dimen367
\@dfltCTfooterwidth=\dimen368
\@CTw=\dimen369
\@CTfloatwidth=\dimen370
\@CToldsep=\dimen371
\@CToldrule=\dimen372
\CT@t=\box102
\@CTcurftwidth=\dimen373
)) (./ISELthesis-files/fix-babel.clo) (./ISELthesis-files/user-sty/fix-profiling.sty (c:/texlive/2024/texmf-dist/tex/latex/l3experimental/l3benchmark/l3benchmark.sty
Package: l3benchmark 2024-03-14 L3 Experimental benchmarking
\g__benchmark_nesting_int=\count513
\g__benchmark_duration_int=\count514
\g__benchmark_time_int=\count515
\g__benchmark_time_a_int=\count516
\g__benchmark_time_b_int=\count517
\g__benchmark_time_c_int=\count518
\g__benchmark_time_d_int=\count519
\g__benchmark_repeat_int=\count520
\g__benchmark_tictoc_int=\count521
))
\c@iselthesis@myloop=\count522
\mpwidth=\skip285
\mpheight=\skip286
\iselthesis@coverbox=\box103
 (./ISELthesis-files/Strings/strings-en.clo) (./ISELthesis-files/Strings/strings-pt.clo) (./ISELthesis-files/Default/defaults.clo
\s@ch@@ghtb@x=\box104
)
\c@@iselthesis@cnt=\count523
\c@pdfnewlytlevel=\count524
 (./ISELthesis-files/Chap-Styles/vz43.ldf
NT FILE Chap-Styles/vz43.ldf
) (c:/texlive/2024/texmf-dist/tex/latex/biblatex/biblatex.sty
Package: biblatex 2024/03/21 v3.20 programmable bibliographies (PK/MW)
 (c:/texlive/2024/texmf-dist/tex/latex/logreq/logreq.sty
Package: logreq 2010/08/04 v1.0 xml request logger
\lrq@indent=\count525
 (c:/texlive/2024/texmf-dist/tex/latex/logreq/logreq.def
File: logreq.def 2010/08/04 v1.0 logreq spec v1.0
))
\c@tabx@nest=\count526
\c@listtotal=\count527
\c@listcount=\count528
\c@liststart=\count529
\c@liststop=\count530
\c@citecount=\count531
\c@citetotal=\count532
\c@multicitecount=\count533
\c@multicitetotal=\count534
\c@instcount=\count535
\c@maxnames=\count536
\c@minnames=\count537
\c@maxitems=\count538
\c@minitems=\count539
\c@citecounter=\count540
\c@maxcitecounter=\count541
\c@savedcitecounter=\count542
\c@uniquelist=\count543
\c@uniquename=\count544
\c@refsection=\count545
\c@refsegment=\count546
\c@maxextratitle=\count547
\c@maxextratitleyear=\count548
\c@maxextraname=\count549
\c@maxextradate=\count550
\c@maxextraalpha=\count551
\c@abbrvpenalty=\count552
\c@highnamepenalty=\count553
\c@lownamepenalty=\count554
\c@maxparens=\count555
\c@parenlevel=\count556
\blx@tempcnta=\count557
\blx@tempcntb=\count558
\blx@tempcntc=\count559
\c@blx@maxsection=\count560
\blx@maxsegment@0=\count561
\blx@notetype=\count562
\blx@parenlevel@text=\count563
\blx@parenlevel@foot=\count564
\blx@sectionciteorder@0=\count565
\blx@sectionciteorderinternal@0=\count566
\blx@entrysetcounter=\count567
\blx@biblioinstance=\count568
\labelnumberwidth=\skip287
\labelalphawidth=\skip288
\biblabelsep=\skip289
\bibnamesep=\skip290
\bibinitsep=\skip291
\bibparsep=\skip292
\bibhang=\skip293
\blx@bcfin=\read6
\blx@bcfout=\write6
\blx@langwohyphens=\language90
\c@mincomprange=\count569
\c@maxcomprange=\count570
\c@mincompwidth=\count571
Package biblatex Info: Trying to load biblatex default data model...
Package biblatex Info: ... file 'blx-dm.def' found.
 (c:/texlive/2024/texmf-dist/tex/latex/biblatex/blx-dm.def
File: blx-dm.def 2024/03/21 v3.20 biblatex datamodel (PK/MW)
)
Package biblatex Info: Trying to load biblatex style data model...
Package biblatex Info: ... file 'numeric-comp.dbx' not found.
Package biblatex Info: Trying to load biblatex custom data model...
Package biblatex Info: ... file 'biblatex-dm.cfg' not found.
\c@afterword=\count572
\c@savedafterword=\count573
\c@annotator=\count574
\c@savedannotator=\count575
\c@author=\count576
\c@savedauthor=\count577
\c@bookauthor=\count578
\c@savedbookauthor=\count579
\c@commentator=\count580
\c@savedcommentator=\count581
\c@editor=\count582
\c@savededitor=\count583
\c@editora=\count584
\c@savededitora=\count585
\c@editorb=\count586
\c@savededitorb=\count587
\c@editorc=\count588
\c@savededitorc=\count589
\c@foreword=\count590
\c@savedforeword=\count591
\c@holder=\count592
\c@savedholder=\count593
\c@introduction=\count594
\c@savedintroduction=\count595
\c@namea=\count596
\c@savednamea=\count597
\c@nameb=\count598
\c@savednameb=\count599
\c@namec=\count600
\c@savednamec=\count601
\c@translator=\count602
\c@savedtranslator=\count603
\c@shortauthor=\count604
\c@savedshortauthor=\count605
\c@shorteditor=\count606
\c@savedshorteditor=\count607
\c@labelname=\count608
\c@savedlabelname=\count609
\c@institution=\count610
\c@savedinstitution=\count611
\c@lista=\count612
\c@savedlista=\count613
\c@listb=\count614
\c@savedlistb=\count615
\c@listc=\count616
\c@savedlistc=\count617
\c@listd=\count618
\c@savedlistd=\count619
\c@liste=\count620
\c@savedliste=\count621
\c@listf=\count622
\c@savedlistf=\count623
\c@location=\count624
\c@savedlocation=\count625
\c@organization=\count626
\c@savedorganization=\count627
\c@origlocation=\count628
\c@savedoriglocation=\count629
\c@origpublisher=\count630
\c@savedorigpublisher=\count631
\c@publisher=\count632
\c@savedpublisher=\count633
\c@language=\count634
\c@savedlanguage=\count635
\c@origlanguage=\count636
\c@savedoriglanguage=\count637
\c@pageref=\count638
\c@savedpageref=\count639
\shorthandwidth=\skip294
\shortjournalwidth=\skip295
\shortserieswidth=\skip296
\shorttitlewidth=\skip297
\shortauthorwidth=\skip298
\shorteditorwidth=\skip299
\locallabelnumberwidth=\skip300
\locallabelalphawidth=\skip301
\localshorthandwidth=\skip302
\localshortjournalwidth=\skip303
\localshortserieswidth=\skip304
\localshorttitlewidth=\skip305
\localshortauthorwidth=\skip306
\localshorteditorwidth=\skip307
Package biblatex Info: Trying to load compatibility code...
Package biblatex Info: ... file 'blx-compat.def' found.
 (c:/texlive/2024/texmf-dist/tex/latex/biblatex/blx-compat.def
File: blx-compat.def 2024/03/21 v3.20 biblatex compatibility (PK/MW)
)
Package biblatex Info: Trying to load BibTeX backend compatibility...
Package biblatex Info: ... file 'blx-bibtex.def' found.
 (c:/texlive/2024/texmf-dist/tex/latex/biblatex/blx-bibtex.def
File: blx-bibtex.def 2024/03/21 v3.20 biblatex compatibility (PK/MW)


Package biblatex Warning: Using fall-back bibtex backend:
(biblatex)                functionality may be reduced/unavailable.

)
Package biblatex Info: Trying to load generic definitions...
Package biblatex Info: ... file 'biblatex.def' found.
 (c:/texlive/2024/texmf-dist/tex/latex/biblatex/biblatex.def
File: biblatex.def 2024/03/21 v3.20 biblatex compatibility (PK/MW)
\c@textcitecount=\count640
\c@textcitetotal=\count641
\c@textcitemaxnames=\count642
\c@biburlbigbreakpenalty=\count643
\c@biburlbreakpenalty=\count644
\c@biburlnumpenalty=\count645
\c@biburlucpenalty=\count646
\c@biburllcpenalty=\count647
\biburlbigskip=\muskip19
\biburlnumskip=\muskip20
\biburlucskip=\muskip21
\biburllcskip=\muskip22
\c@smartand=\count648
)
Package biblatex Info: Trying to load bibliography style 'numeric-comp'...
Package biblatex Info: ... file 'numeric-comp.bbx' found.
 (c:/texlive/2024/texmf-dist/tex/latex/biblatex/bbx/numeric-comp.bbx
File: numeric-comp.bbx 2024/03/21 v3.20 biblatex bibliography style (PK/MW)
Package biblatex Info: Trying to load bibliography style 'numeric'...
Package biblatex Info: ... file 'numeric.bbx' found.
 (c:/texlive/2024/texmf-dist/tex/latex/biblatex/bbx/numeric.bbx
File: numeric.bbx 2024/03/21 v3.20 biblatex bibliography style (PK/MW)
Package biblatex Info: Trying to load bibliography style 'standard'...
Package biblatex Info: ... file 'standard.bbx' found.
 (c:/texlive/2024/texmf-dist/tex/latex/biblatex/bbx/standard.bbx
File: standard.bbx 2024/03/21 v3.20 biblatex bibliography style (PK/MW)
\c@bbx:relatedcount=\count649
\c@bbx:relatedtotal=\count650
)))
Package biblatex Info: Trying to load citation style 'numeric-comp'...
Package biblatex Info: ... file 'numeric-comp.cbx' found.
 (c:/texlive/2024/texmf-dist/tex/latex/biblatex/cbx/numeric-comp.cbx
File: numeric-comp.cbx 2024/03/21 v3.20 biblatex citation style (PK/MW)
\c@cbx@tempcnta=\count651
\c@cbx@tempcntb=\count652
\c@cbx@tempcntc=\count653
\c@cbx@tempcntd=\count654
Package biblatex Info: Redefining '\cite'.
Package biblatex Info: Redefining '\parencite'.
Package biblatex Info: Redefining '\footcite'.
Package biblatex Info: Redefining '\footcitetext'.
Package biblatex Info: Redefining '\smartcite'.
Package biblatex Info: Redefining '\supercite'.
Package biblatex Info: Redefining '\textcite'.
Package biblatex Info: Redefining '\textcites'.
Package biblatex Info: Redefining '\cites'.
Package biblatex Info: Redefining '\parencites'.
Package biblatex Info: Redefining '\smartcites'.
)
Package biblatex Info: Trying to load configuration file...
Package biblatex Info: ... file 'biblatex.cfg' found.
 (c:/texlive/2024/texmf-dist/tex/latex/biblatex/biblatex.cfg
File: biblatex.cfg 
)

Package biblatex Warning: 'firstinits' option is deprecated.
(biblatex)                Please use 'giveninits' instead.


Package biblatex Warning: 'firstinits' option is deprecated.
(biblatex)                Please use 'giveninits' instead.

Package biblatex Info: Input encoding 'utf8' detected.
Package biblatex Info: Document encoding is UTF8 ....
Package biblatex Info: ... and expl3
(biblatex)             2024-08-30 L3 programming layer (loader) 
(biblatex)             is new enough (at least 2020/04/06),
(biblatex)             setting 'casechanger=expl3'.
(c:/texlive/2024/texmf-dist/tex/latex/biblatex/blx-case-expl3.sty
Package: blx-case-expl3 2024/03/21 v3.20 expl3 case changing code for biblatex
)) (./Config/_cover.tex
NT FILE Config/_cover.tex
\c@iselthesis@committee@a@cnt=\count655
\c@iselthesis@committee@am@cnt=\count656
\c@iselthesis@committee@af@cnt=\count657
\c@iselthesis@committee@c@cnt=\count658
\c@iselthesis@committee@cm@cnt=\count659
\c@iselthesis@committee@cf@cnt=\count660
) (./Config/_files.tex
NT FILE Config/_files.tex
(./Chapters/glossary.tex) (./Chapters/acronyms.tex)) (./Config/_department.tex
NT FILE Config/_department.tex
)) (./ISELthesis-files/user-sty/options2.sty

LaTeX Warning: You have requested package `ISELthesis-files/user-sty/options2',
               but the package provides `options'.

Package: options 2015/03/01, Daan Leijen, Provides convenient path-value (or key-value) options
\opt@nesting=\count661
\opt@idx=\count662
\opt@choiceord=\count663
)
(l3benchmark) + TIC
Package csquotes Info: Checking for multilingual support...
Package csquotes Info: ... found 'babel' package.
Package csquotes Info: Adjusting default style.
Package csquotes Info: Redefining alias 'default' -> 'english'.

******************************************************
Stock height and width: 296.9965mm by 209.99753mm
Top and edge trims: 0mm and 0mm
Page height and width: 296.9965mm by 209.99753mm
Text height and width: 247.37704mm by 149.72012mm
Spine and edge margins: 29.99963mm and 29.99963mm
Upper and lower margins: 24.9997mm and 24.61975mm
Headheight and headsep: 4.77979mm and 6.98476mm
Footskip: 9.65201mm
Columnsep and columnseprule: 3.51456mm and 0mm
Marginparsep and marginparwidth: 2.46019mm and 25.07925mm
Sidecapsep and sidecapwidth: 2.46019mm and 35.49702mm
Sidebarhsep and sidebarwidth: 2.46019mm and 35.49702mm
Sidebarvsep and sidebartopsep: 4.77979mm and 0mm
Sidebarheight: 208.87721mm
Sidefoothsep and sidefootwidth: 2.46019mm and 35.49702mm
Sidefootvsep and sidefootheight: 4.77979mm and 208.87721mm
******************************************************

(./Config/_packages.tex
NT FILE Config/_packages.tex
(c:/texlive/2024/texmf-dist/tex/latex/metalogo/metalogo.sty
Package: metalogo 2010/05/29 v0.12 Extended TeX logo macros
 (c:/texlive/2024/texmf-dist/tex/generic/iftex/ifxetex.sty
Package: ifxetex 2019/10/25 v0.7 ifxetex legacy package. Use iftex instead.
)
\xl@everylogo=\toks74
\xl@@everylogo=\toks75
LaTeX Info: Redefining \TeX on input line 193.
LaTeX Info: Redefining \LaTeX on input line 202.
LaTeX Info: Redefining \LaTeXe on input line 219.
) (c:/texlive/2024/texmf-dist/tex/latex/makecell/makecell.sty
Package: makecell 2009/08/03 V0.1e Managing of Tab Column Heads and Cells
\rotheadsize=\dimen374
\c@nlinenum=\count664
\TeXr@lab=\toks76
) (c:/texlive/2024/texmf-dist/tex/latex/enumitem/enumitem.sty
Package: enumitem 2019/06/20 v3.9 Customized lists
\labelindent=\skip308
\enit@outerparindent=\dimen375
\enit@toks=\toks77
\enit@inbox=\box105
\enit@count@id=\count665
\enitdp@description=\count666
))

LaTeX Warning: Unused global option(s):
    [docdegree=msc,doctype=dissertation,lang=en,coverlang=pt,fontstyle=kpfonts,chapstyle=vz43,otherlistsat=front,linkscolor=darkblue,printcommittee=false,biblatex={ backend=bibtex, style=numeric-comp, sortcites=true, sorting=nyt, backref=true, maxbibnames=99, firstinits=true, hyperref=true },memoir={ a4paper, 11pt, final, },media=screen].

(./template.aux (./Chapters/sections/learning_disabilities.aux) (./Chapters/StateOfArt/Dyslexia.aux) (./Chapters/StateOfArt/LPD.aux) (./Chapters/StateOfArt/Discalculia.aux) (./Chapters/StateOfArt/NonVerbalLD.aux) (./Chapters/StateOfArt/Disgraphia.aux) (./Chapters/StateOfArt/APD.aux) (./Chapters/StateOfArt/VisualMotorDeficit.aux) (./Chapters/sections/games_for_disabilities.aux))
\openout1 = `template.aux'.

LaTeX Font Info:    Checking defaults for OML/cmm/m/it on input line 114.
LaTeX Font Info:    ... okay on input line 114.
LaTeX Font Info:    Checking defaults for OMS/cmsy/m/n on input line 114.
LaTeX Font Info:    ... okay on input line 114.
LaTeX Font Info:    Checking defaults for OT1/cmr/m/n on input line 114.
LaTeX Font Info:    ... okay on input line 114.
LaTeX Font Info:    Checking defaults for T1/cmr/m/n on input line 114.
LaTeX Font Info:    ... okay on input line 114.
LaTeX Font Info:    Checking defaults for TS1/cmr/m/n on input line 114.
LaTeX Font Info:    ... okay on input line 114.
LaTeX Font Info:    Checking defaults for OMX/cmex/m/n on input line 114.
LaTeX Font Info:    ... okay on input line 114.
LaTeX Font Info:    Checking defaults for U/cmr/m/n on input line 114.
LaTeX Font Info:    ... okay on input line 114.
LaTeX Font Info:    Checking defaults for PD1/pdf/m/n on input line 114.
LaTeX Font Info:    ... okay on input line 114.
LaTeX Font Info:    Checking defaults for PU/pdf/m/n on input line 114.
LaTeX Font Info:    ... okay on input line 114.
 (c:/texlive/2024/texmf-dist/tex/context/base/mkii/supp-pdf.mkii
[Loading MPS to PDF converter (version 2006.09.02).]
\scratchcounter=\count667
\scratchdimen=\dimen376
\scratchbox=\box106
\nofMPsegments=\count668
\nofMParguments=\count669
\everyMPshowfont=\toks78
\MPscratchCnt=\count670
\MPscratchDim=\dimen377
\MPnumerator=\count671
\makeMPintoPDFobject=\count672
\everyMPtoPDFconversion=\toks79
) (c:/texlive/2024/texmf-dist/tex/latex/epstopdf-pkg/epstopdf-base.sty
Package: epstopdf-base 2020-01-24 v2.11 Base part for package epstopdf
Package epstopdf-base Info: Redefining graphics rule for `.eps' on input line 485.
 (c:/texlive/2024/texmf-dist/tex/latex/latexconfig/epstopdf-sys.cfg
File: epstopdf-sys.cfg 2010/07/13 v1.3 Configuration of (r)epstopdf for TeX Live
)) (c:/texlive/2024/texmf-dist/tex/latex/translator/translator-months-dictionary-English.dict
Dictionary: translator-months-dictionary, Language: English 
)
LaTeX Info: Redefining \microtypecontext on input line 114.
Package microtype Info: Applying patch `item' on input line 114.
Package microtype Info: Applying patch `toc' on input line 114.
Package microtype Info: Applying patch `eqnum' on input line 114.
Package microtype Info: Applying patch `footnote' on input line 114.
Package microtype Info: Applying patch `verbatim' on input line 114.
Package microtype Info: Generating PDF output.
Package microtype Info: Character protrusion enabled (level 2),
(microtype)             factor: 1100.
Package microtype Info: Using default protrusion set `alltext'.
Package microtype Info: Automatic font expansion enabled (level 2),
(microtype)             stretch: 10, shrink: 10, step: 1, non-selected.
Package microtype Info: Using default expansion set `alltext-nott'.
LaTeX Info: Redefining \showhyphens on input line 114.
Package microtype Info: Tracking enabled.
Package microtype Info: Using default tracking set `smallcaps'.
Package microtype Info: Adjustment of interword spacing enabled.
Package microtype Info: Using default spacing set `alltext-nott'.
Package microtype Info: Adjustment of character kerning enabled.
Package microtype Info: Using default kerning set `alltext'.
Package microtype Info: Redefining babel's language switching commands.
 (c:/texlive/2024/texmf-dist/tex/latex/microtype/mt-cmr.cfg
File: mt-cmr.cfg 2013/05/19 v2.2 microtype config. file: Computer Modern Roman (RS)
)
\c@lstlisting=\count673
Package caption Info: Begin \AtBeginDocument code.
Package caption Info: float package is loaded.
Package caption Info: hyperref package is loaded.
Package caption Info: longtable package is loaded.
 (c:/texlive/2024/texmf-dist/tex/latex/caption/ltcaption.sty
Package: ltcaption 2021/01/08 v1.4c longtable captions (AR)
)
Package caption Info: rotating package is loaded.
Package caption Info: supertabular package is loaded.
Package caption Info: wrapfig package is loaded.
Package caption Info: End \AtBeginDocument code.
 (c:/texlive/2024/texmf-dist/tex/latex/catoptions/catoptions.sty
\m@one=\count674
\z@pt=\dimen378
Package: catoptions 2023/10/29 v0.2.7i Securing catcodes and parsing options (AM)


Package catoptions Warning: 
(catoptions)                catoptions modifies package option handling and is
(catoptions)                incompatible with many other packages.
(catoptions)                For new documents it is recommended to use
(catoptions)                The built in option processor:
(catoptions)                \ProcessKeyOptions, see clsguide.

\cpt@csvdepth=\count675
\cpt@optdepth=\count676
\cpt@cnta=\count677
\indrisdepth=\count678
\cpt@foreachdepth=\count679
\cpt@exprcnt=\count680
)
Package hyperref Info: Link coloring ON on input line 114.
Package biblatex Info: Trying to load language 'english'...
Package biblatex Info: ... file 'english.lbx' found.
 (c:/texlive/2024/texmf-dist/tex/latex/biblatex/lbx/english.lbx
File: english.lbx 2024/03/21 v3.20 biblatex localization (PK/MW)
)
Package biblatex Info: Trying to load language 'portuguese'...
Package biblatex Info: ... file 'portuguese.lbx' found.
 (c:/texlive/2024/texmf-dist/tex/latex/biblatex/lbx/portuguese.lbx
File: portuguese.lbx 2024/03/21 v3.20 biblatex localization (PK/MW)
)
Package biblatex Info: Input encoding 'utf8' detected.
Package biblatex Info: Automatic encoding selection.
(biblatex)             Assuming data encoding 'utf8'.
Package biblatex Info: Input encoding 'utf8' detected.
Package biblatex Info: Data encoding 'utf8' specified.
(biblatex)             No need to reencode data.
\openout6 = `template-blx.bib'.

Package biblatex Info: Trying to load bibliographic data...
Package biblatex Info: ... file 'template.bbl' found.
 (./template.bbl)
Package biblatex Info: Reference section=0 on input line 114.
Package biblatex Info: Reference segment=0 on input line 114.


Package hyperref Warning: Token not allowed in a PDF string (Unicode):
(hyperref)                removing `\uppercase' on input line 114.

<Logo/logoisel.pdf, id=7, 426.79147pt x 301.59976pt>
File: Logo/logoisel.pdf Graphic file (type pdf)
<use Logo/logoisel.pdf>
Package pdftex.def Info: Logo/logoisel.pdf  used on input line 119.
(pdftex.def)             Requested size: 227.62204pt x 160.85495pt.

LaTeX Font Warning: Font shape `T1/cmr/m/n' in size <15> not available
(Font)              size <14.4> substituted on input line 119.


LaTeX Font Warning: Font shape `T1/cmr/bx/n' in size <15> not available
(Font)              size <14.4> substituted on input line 119.


LaTeX Font Warning: Font shape `T1/cmr/c/n' undefined
(Font)              using `T1/cmr/m/n' instead on input line 119.


LaTeX Font Warning: Font shape `T1/cmr/m/n' in size <13> not available
(Font)              size <12> substituted on input line 119.

\iselthesis@savebox=\box107


[1


{c:/texlive/2024/texmf-var/fonts/map/pdftex/updmap/pdftex.map}{c:/texlive/2024/texmf-dist/fonts/enc/dvips/cm-super/cm-super-t1.enc} <./Logo/logoisel.pdf>]

[2

] (./Chapters/dedicatory.tex
Underfull \hbox (badness 10000) in paragraph at lines 8--8

 []



[3


]

[4

]) (./Chapters/acknowledgements.tex
Overfull \hbox (6.0pt too wide) in paragraph at lines 8--8
[][]  
 []

)

[5

]

[6

] (./Chapters/statement.tex)

[7]

[8

]
Overfull \hbox (6.0pt too wide) in paragraph at lines 124--124
[][]  
 []

(./Chapters/abstract-en.tex
Underfull \hbox (badness 10000) in paragraph at lines 124--9

 []

)

[9

]

[10

]
Overfull \hbox (6.0pt too wide) in paragraph at lines 124--124
[][]  
 []

(./Chapters/abstract-pt.tex
Underfull \hbox (badness 10000) in paragraph at lines 124--9

 []

)

[11

]

[12

]
Overfull \hbox (6.0pt too wide) in paragraph at lines 125--125
[][] 
 []

(./template.toc

[13])

[14] (./Chapters/chapter1.tex
Underfull \vbox (badness 2486) has occurred while \output is active []



[1



]

[2]) (./Chapters/chapter2.tex

[3


]
\openout2 = `Chapters/sections/learning_disabilities.aux'.

 (./Chapters/sections/learning_disabilities.tex

[4

])

[5]
\openout2 = `Chapters/StateOfArt/Dyslexia.aux'.

 (./Chapters/StateOfArt/Dyslexia.tex
<Chapters/figma/Dislexia.png, id=222, 1467.4825pt x 1164.35pt>
File: Chapters/figma/Dislexia.png Graphic file (type png)
<use Chapters/figma/Dislexia.png>
Package pdftex.def Info: Chapters/figma/Dislexia.png  used on input line 6.
(pdftex.def)             Requested size: 340.8013pt x 270.38878pt.


Package microtype Warning: I cannot find a spacing list for font
(microtype)                `TS1/cmr/m/n/10.95' (context: `nonfrench'). Switching off
(microtype)                spacing for this font on input line 13.



[6



{c:/texlive/2024/texmf-dist/fonts/enc/dvips/cm-super/cm-super-ts1.enc} <./Chapters/figma/Dislexia.png>]

[7]

[8])

[9]
\openout2 = `Chapters/StateOfArt/LPD.aux'.

 (./Chapters/StateOfArt/LPD.tex
<Chapters/figma/Language Processing Disorder.png, id=273, 1467.4825pt x 1164.35pt>
File: Chapters/figma/Language Processing Disorder.png Graphic file (type png)
<use Chapters/figma/Language Processing Disorder.png>
Package pdftex.def Info: Chapters/figma/Language Processing Disorder.png  used on input line 6.
(pdftex.def)             Requested size: 340.8013pt x 270.38878pt.


[10



 <./Chapters/figma/Language Processing Disorder.png>]

[11])

[12]
\openout2 = `Chapters/StateOfArt/Discalculia.aux'.

 (./Chapters/StateOfArt/Discalculia.tex
<Chapters/figma/Discalculia.png, id=319, 1467.4825pt x 1164.35pt>
File: Chapters/figma/Discalculia.png Graphic file (type png)
<use Chapters/figma/Discalculia.png>
Package pdftex.def Info: Chapters/figma/Discalculia.png  used on input line 7.
(pdftex.def)             Requested size: 340.8013pt x 270.38878pt.


[13



 <./Chapters/figma/Discalculia.png>]

[14])

[15]
\openout2 = `Chapters/StateOfArt/NonVerbalLD.aux'.

 (./Chapters/StateOfArt/NonVerbalLD.tex
<Chapters/figma/Non-Verbal Learning Disabilities.png, id=365, 1467.4825pt x 1164.35pt>
File: Chapters/figma/Non-Verbal Learning Disabilities.png Graphic file (type png)
<use Chapters/figma/Non-Verbal Learning Disabilities.png>
Package pdftex.def Info: Chapters/figma/Non-Verbal Learning Disabilities.png  used on input line 6.
(pdftex.def)             Requested size: 340.8013pt x 270.38878pt.


[16



 <./Chapters/figma/Non-Verbal Learning Disabilities.png>]
Overfull \hbox (5.84523pt too wide) in paragraph at lines 26--27
[]\T1/cmr/bx/n/10.95 (-10) Average self-consciousness\T1/cmr/m/n/10.95 (-10) : Chil-dren may have an av-er-age level of self-consciousness,
 []



[17]

[18])

[19]
\openout2 = `Chapters/StateOfArt/Disgraphia.aux'.

 (./Chapters/StateOfArt/Disgraphia.tex
<Chapters/figma/Disgrafia.png, id=421, 1467.4825pt x 1164.35pt>
File: Chapters/figma/Disgrafia.png Graphic file (type png)
<use Chapters/figma/Disgrafia.png>
Package pdftex.def Info: Chapters/figma/Disgrafia.png  used on input line 6.
(pdftex.def)             Requested size: 340.8013pt x 270.38878pt.


[20



 <./Chapters/figma/Disgrafia.png>]

[21])

[22]
\openout2 = `Chapters/StateOfArt/APD.aux'.

 (./Chapters/StateOfArt/APD.tex
<Chapters/figma/Auditory Processing Disorder.png, id=466, 1467.4825pt x 1164.35pt>
File: Chapters/figma/Auditory Processing Disorder.png Graphic file (type png)
<use Chapters/figma/Auditory Processing Disorder.png>
Package pdftex.def Info: Chapters/figma/Auditory Processing Disorder.png  used on input line 6.
(pdftex.def)             Requested size: 340.8013pt x 270.38878pt.


[23



 <./Chapters/figma/Auditory Processing Disorder.png>]

[24]

[25])

[26]
\openout2 = `Chapters/StateOfArt/VisualMotorDeficit.aux'.

 (./Chapters/StateOfArt/VisualMotorDeficit.tex
<Chapters/figma/Visual Motor Deficit.png, id=519, 1467.4825pt x 1164.35pt>
File: Chapters/figma/Visual Motor Deficit.png Graphic file (type png)
<use Chapters/figma/Visual Motor Deficit.png>
Package pdftex.def Info: Chapters/figma/Visual Motor Deficit.png  used on input line 6.
(pdftex.def)             Requested size: 340.8013pt x 270.38878pt.


[27



 <./Chapters/figma/Visual Motor Deficit.png>]

[28])

[29]
\openout2 = `Chapters/sections/games_for_disabilities.aux'.

 (./Chapters/sections/games_for_disabilities.tex
<Chapters/related_work_img/FastForWord_Cosmic_Reader.jpg, id=570, 702.625pt x 526.96875pt>
File: Chapters/related_work_img/FastForWord_Cosmic_Reader.jpg Graphic file (type jpg)
<use Chapters/related_work_img/FastForWord_Cosmic_Reader.jpg>
Package pdftex.def Info: Chapters/related_work_img/FastForWord_Cosmic_Reader.jpg  used on input line 17.
(pdftex.def)             Requested size: 281.04501pt x 210.78375pt.
)

[30



 <./Chapters/related_work_img/FastForWord_Cosmic_Reader.jpg>]) (./Chapters/chapter3.tex

[31




]
<Chapters/gameplay/HeartsGame.png, id=583, 1042.89626pt x 586.19pt>
File: Chapters/gameplay/HeartsGame.png Graphic file (type png)
<use Chapters/gameplay/HeartsGame.png>
Package pdftex.def Info: Chapters/gameplay/HeartsGame.png  used on input line 65.
(pdftex.def)             Requested size: 469.29898pt x 263.78307pt.

Overfull \hbox (43.29898pt too wide) in paragraph at lines 65--66
 [][] 
 []



[32]

[33 <./Chapters/gameplay/HeartsGame.png>]
<Chapters/gameplay/MazeGame.jpg, id=600, 933.4875pt x 523.9575pt>
File: Chapters/gameplay/MazeGame.jpg Graphic file (type jpg)
<use Chapters/gameplay/MazeGame.jpg>
Package pdftex.def Info: Chapters/gameplay/MazeGame.jpg  used on input line 101.
(pdftex.def)             Requested size: 420.06549pt x 235.77869pt.


[34]

[35 <./Chapters/gameplay/MazeGame.jpg>]
<Chapters/gameplay/SoundsGame.jpg, id=617, 931.48pt x 524.96124pt>
File: Chapters/gameplay/SoundsGame.jpg Graphic file (type jpg)
<use Chapters/gameplay/SoundsGame.jpg>
Package pdftex.def Info: Chapters/gameplay/SoundsGame.jpg  used on input line 137.
(pdftex.def)             Requested size: 419.16212pt x 236.23038pt.


[36]

[37 <./Chapters/gameplay/SoundsGame.jpg>]
<Chapters/gameplay/WordsGame.jpg, id=632, 713.66624pt x 405.515pt>
File: Chapters/gameplay/WordsGame.jpg Graphic file (type jpg)
<use Chapters/gameplay/WordsGame.jpg>
Package pdftex.def Info: Chapters/gameplay/WordsGame.jpg  used on input line 171.
(pdftex.def)             Requested size: 321.14684pt x 182.48006pt.


[38 <./Chapters/gameplay/WordsGame.jpg>]
<Chapters/gameplay/PuzzleGame.jpg, id=643, 769.87625pt x 431.6125pt>
File: Chapters/gameplay/PuzzleGame.jpg Graphic file (type jpg)
<use Chapters/gameplay/PuzzleGame.jpg>
Package pdftex.def Info: Chapters/gameplay/PuzzleGame.jpg  used on input line 209.
(pdftex.def)             Requested size: 346.44112pt x 194.22382pt.
)

[39]

[40 <./Chapters/gameplay/PuzzleGame.jpg>] (./Chapters/chapter4.tex

[41


]

[42]
<Chapters/figma/home-wireframe.png, id=674, 3854.4pt x 2168.1pt>
File: Chapters/figma/home-wireframe.png Graphic file (type png)
<use Chapters/figma/home-wireframe.png>
Package pdftex.def Info: Chapters/figma/home-wireframe.png  used on input line 70.
(pdftex.def)             Requested size: 191.6987pt x 107.81586pt.
<Chapters/figma/levels-wireframe.png, id=675, 3854.4pt x 2168.1pt>
File: Chapters/figma/levels-wireframe.png Graphic file (type png)
<use Chapters/figma/levels-wireframe.png>
Package pdftex.def Info: Chapters/figma/levels-wireframe.png  used on input line 77.
(pdftex.def)             Requested size: 191.6987pt x 107.81586pt.


[43 <./Chapters/figma/home-wireframe.png> <./Chapters/figma/levels-wireframe.png>]

[44]

[45]

[46]
<Chapters/arq/class__minigames__minigames.jpg, id=711, 488.82625pt x 503.8825pt>
File: Chapters/arq/class__minigames__minigames.jpg Graphic file (type jpg)
<use Chapters/arq/class__minigames__minigames.jpg>
Package pdftex.def Info: Chapters/arq/class__minigames__minigames.jpg  used on input line 168.
(pdftex.def)             Requested size: 244.41252pt x 251.94063pt.


[47 <./Chapters/arq/class__minigames__minigames.jpg>]

[48]
<Chapters/new_architechture/class__handlers__Handlers.jpg, id=730, 1283.79625pt x 710.655pt>
File: Chapters/new_architechture/class__handlers__Handlers.jpg Graphic file (type jpg)
<use Chapters/new_architechture/class__handlers__Handlers.jpg>
Package pdftex.def Info: Chapters/new_architechture/class__handlers__Handlers.jpg  used on input line 229.
(pdftex.def)             Requested size: 426.0pt x 235.80727pt.
<Chapters/new_architechture/class__common__Common.jpg, id=732, 631.35875pt x 411.5375pt>
File: Chapters/new_architechture/class__common__Common.jpg Graphic file (type jpg)
<use Chapters/new_architechture/class__common__Common.jpg>
Package pdftex.def Info: Chapters/new_architechture/class__common__Common.jpg  used on input line 250.
(pdftex.def)             Requested size: 255.6026pt x 166.60898pt.


[49 <./Chapters/new_architechture/class__handlers__Handlers.jpg>]

[50 <./Chapters/new_architechture/class__common__Common.jpg>]
<Chapters/new_architechture/class__hearts__HeartsGame.jpg, id=747, 1507.6325pt x 1031.855pt>
File: Chapters/new_architechture/class__hearts__HeartsGame.jpg Graphic file (type jpg)
<use Chapters/new_architechture/class__hearts__HeartsGame.jpg>
Package pdftex.def Info: Chapters/new_architechture/class__hearts__HeartsGame.jpg  used on input line 285.
(pdftex.def)             Requested size: 426.0pt x 291.56256pt.


[51]

[52 <./Chapters/new_architechture/class__hearts__HeartsGame.jpg>]
<Chapters/new_architechture/class__maze__MazeGame.jpg, id=757, 1717.41624pt x 1186.4325pt>
File: Chapters/new_architechture/class__maze__MazeGame.jpg Graphic file (type jpg)
<use Chapters/new_architechture/class__maze__MazeGame.jpg>
Package pdftex.def Info: Chapters/new_architechture/class__maze__MazeGame.jpg  used on input line 297.
(pdftex.def)             Requested size: 426.0pt x 294.29015pt.


[53 <./Chapters/new_architechture/class__maze__MazeGame.jpg>]
<Chapters/new_architechture/class__sounds__SoundsGame.jpg, id=764, 1428.33624pt x 947.54pt>
File: Chapters/new_architechture/class__sounds__SoundsGame.jpg Graphic file (type jpg)
<use Chapters/new_architechture/class__sounds__SoundsGame.jpg>
Package pdftex.def Info: Chapters/new_architechture/class__sounds__SoundsGame.jpg  used on input line 319.
(pdftex.def)             Requested size: 426.0pt x 282.60149pt.


[54 <./Chapters/new_architechture/class__sounds__SoundsGame.jpg>]

[55]
<Chapters/new_architechture/class__words__WordsGame.jpg, id=774, 1054.94125pt x 990.70125pt>
File: Chapters/new_architechture/class__words__WordsGame.jpg Graphic file (type jpg)
<use Chapters/new_architechture/class__words__WordsGame.jpg>
Package pdftex.def Info: Chapters/new_architechture/class__words__WordsGame.jpg  used on input line 345.
(pdftex.def)             Requested size: 426.0pt x 400.0527pt.


[56 <./Chapters/new_architechture/class__words__WordsGame.jpg>]

[57]
<Chapters/new_architechture/class__puzzle__PuzzleGame.jpg, id=784, 1130.2225pt x 1150.2975pt>
File: Chapters/new_architechture/class__puzzle__PuzzleGame.jpg Graphic file (type jpg)
<use Chapters/new_architechture/class__puzzle__PuzzleGame.jpg>
Package pdftex.def Info: Chapters/new_architechture/class__puzzle__PuzzleGame.jpg  used on input line 367.
(pdftex.def)             Requested size: 426.0pt x 433.55452pt.


[58 <./Chapters/new_architechture/class__puzzle__PuzzleGame.jpg>])

[59]

[60

] (./Chapters/chapter5.tex

[61

]

[62]

[63]

[64]
<Chapters/game_changes/puzzle-game-frame.png, id=819, 172.39406pt x 178.41656pt>
File: Chapters/game_changes/puzzle-game-frame.png Graphic file (type png)
<use Chapters/game_changes/puzzle-game-frame.png>
Package pdftex.def Info: Chapters/game_changes/puzzle-game-frame.png  used on input line 81.
(pdftex.def)             Requested size: 127.8013pt x 132.26575pt.


[65 <./Chapters/game_changes/puzzle-game-frame.png>]
<Chapters/game_changes/read-sound-icon.png, id=828, 79.79813pt x 78.2925pt>
File: Chapters/game_changes/read-sound-icon.png Graphic file (type png)
<use Chapters/game_changes/read-sound-icon.png>
Package pdftex.def Info: Chapters/game_changes/read-sound-icon.png  used on input line 110.
(pdftex.def)             Requested size: 42.6026pt x 41.79825pt.
)

[66 <./Chapters/game_changes/read-sound-icon.png>] (./Chapters/chapter6.tex

[67


]

[68])

[69]

[70

]
Overfull \hbox (6.0pt too wide) in paragraph at lines 132--132
[][]  
 []

LaTeX Font Info:    Trying to load font information for T1+cmtt on input line 131.
(c:/texlive/2024/texmf-dist/tex/latex/base/t1cmtt.fd
File: t1cmtt.fd 2023/04/13 v2.5m Standard LaTeX font definitions
)
Package microtype Info: Loading generic protrusion settings for font family
(microtype)             `cmtt' (encoding: T1).
(microtype)             For optimal results, create family-specific settings.
(microtype)             See the microtype manual for details.

Overfull \hbox (14.33905pt too wide) in paragraph at lines 132--132
\T1/cmtt/m/n/10.95 academics / academic -[] overview / special -[] education -[] instruction / high -[] incidence -[]
 []


Overfull \hbox (21.7817pt too wide) in paragraph at lines 132--132
[]\T1/cmr/m/n/10.95 (-10) C. Clinic. \T1/cmr/m/it/10.95 (-10) Dys-graphia\T1/cmr/m/n/10.95 (-10) . Ac-cessed: 2024-10-20. 2023. \T1/cmr/m/sc/10.95/100ls (-10) url\T1/cmr/m/n/10.95 (-10) : [][]$\T1/cmtt/m/n/10.95 https : / / my . clevelandclinic .
 []


Overfull \hbox (26.89998pt too wide) in paragraph at lines 132--132
[]\T1/cmr/m/n/10.95 (-10) C. Clinic. \T1/cmr/m/it/10.95 (-10) Dyscal-cu-lia: Symp-toms and Causes\T1/cmr/m/n/10.95 (-10) . 2024. \T1/cmr/m/sc/10.95/100ls (-10) url\T1/cmr/m/n/10.95 (-10) : [][]$\T1/cmtt/m/n/10.95 https : / / my . clevelandclinic .
 []



[71]

[72]
Overfull \hbox (10.79279pt too wide) in paragraph at lines 132--132
\T1/cmtt/m/n/10.95 understood . org / en / articles / understanding -[] nonverbal -[] learning -[] disabilities$[][]
 []



[73]

[74

]

Package glossaries Warning: No \printnoidxglossary or \printnoidxglossaries
 found. (Remove \makenoidxglossaries if you don't want any glossaries.)
This document will not have a glossary.



[75]
\tf@toc=\write7
\openout7 = `template.toc'.

 (./template.aux (./Chapters/sections/learning_disabilities.aux) (./Chapters/StateOfArt/Dyslexia.aux) (./Chapters/StateOfArt/LPD.aux) (./Chapters/StateOfArt/Discalculia.aux) (./Chapters/StateOfArt/NonVerbalLD.aux) (./Chapters/StateOfArt/Disgraphia.aux) (./Chapters/StateOfArt/APD.aux) (./Chapters/StateOfArt/VisualMotorDeficit.aux) (./Chapters/sections/games_for_disabilities.aux))
 ***********
LaTeX2e <2024-06-01> patch level 2
L3 programming layer <2020/03/25>
 ***********


LaTeX Font Warning: Size substitutions with differences
(Font)              up to 1.0pt have occurred.


LaTeX Font Warning: Some font shapes were not available, defaults substituted.

Package logreq Info: Writing requests to 'template.run.xml'.
\openout1 = `template.run.xml'.

 ) 
Here is how much of TeX's memory you used:
 59080 strings out of 473579
 1138817 string characters out of 5732263
 2235193 words of memory out of 5000000
 80502 multiletter control sequences out of 15000+600000
 585266 words of font info for 176 fonts, out of 8000000 for 9000
 1141 hyphenation exceptions out of 8191
 137i,18n,138p,2462b,2543s stack positions out of 10000i,1000n,20000p,200000b,200000s
<c:/texlive/2024/texmf-dist/fonts/type1/public/hfbright/hfbr10.pfb><c:/texlive/2024/texmf-dist/fonts/type1/public/cm-super/sfbi1095.pfb><c:/texlive/2024/texmf-dist/fonts/type1/public/cm-super/sfbx1095.pfb><c:/texlive/2024/texmf-dist/fonts/type1/public/cm-super/sfbx1200.pfb><c:/texlive/2024/texmf-dist/fonts/type1/public/cm-super/sfbx1440.pfb><c:/texlive/2024/texmf-dist/fonts/type1/public/cm-super/sfbx1728.pfb><c:/texlive/2024/texmf-dist/fonts/type1/public/cm-super/sfbx2488.pfb><c:/texlive/2024/texmf-dist/fonts/type1/public/cm-super/sfcc1000.pfb><c:/texlive/2024/texmf-dist/fonts/type1/public/cm-super/sfcc1095.pfb><c:/texlive/2024/texmf-dist/fonts/type1/public/cm-super/sfrm1000.pfb><c:/texlive/2024/texmf-dist/fonts/type1/public/cm-super/sfrm1095.pfb><c:/texlive/2024/texmf-dist/fonts/type1/public/cm-super/sfrm1200.pfb><c:/texlive/2024/texmf-dist/fonts/type1/public/cm-super/sfti1095.pfb><c:/texlive/2024/texmf-dist/fonts/type1/public/cm-super/sftt1095.pfb>
Output written on template.pdf (89 pages, 8527305 bytes).
PDF statistics:
 1251 PDF objects out of 1440 (max. 8388607)
 1067 compressed objects within 11 object streams
 276 named destinations out of 1000 (max. 500000)
 48095 words of extra memory for PDF output out of 51595 (max. 10000000)

